[0.010s] Invoking command in '/home/karims/Desktop/IEEE-RAS-ROS-26/Task_16/build/diff_drive_robot': CMAKE_PREFIX_PATH=${CMAKE_PREFIX_PATH}:/home/karims/Desktop/IEEE-RAS-ROS-26/Task_16/install/robot_simulation:/home/karims/Desktop/IEEE-RAS-ROS-26/Task_16/install/my_robot:/home/karims/Desktop/IEEE-RAS-ROS-26/Task_11/ros2_ws/install/traffic_manager:/home/karims/Desktop/IEEE-RAS-ROS-26/Task_11/ros2_ws/src/traffic_manager/install/traffic_manager:/home/karims/Desktop/IEEE-RAS-ROS-26/Task_11/ros2_ws/src/install/traffic_manager:/opt/ros/jazzy DEBUGINFOD_URLS=https://debuginfod.ubuntu.com /usr/bin/cmake /home/karims/Desktop/IEEE-RAS-ROS-26/Task_16/diff_drive_robot -DCMAKE_INSTALL_PREFIX=/home/karims/Desktop/IEEE-RAS-ROS-26/Task_16/install/diff_drive_robot
[0.205s] -- The C compiler identification is GNU 13.3.0
[0.328s] -- The CXX compiler identification is GNU 13.3.0
[0.357s] -- Detecting C compiler ABI info
[0.496s] -- Detecting C compiler ABI info - done
[0.508s] -- Check for working C compiler: /usr/bin/cc - skipped
[0.509s] -- Detecting C compile features
[0.510s] -- Detecting C compile features - done
[0.521s] -- Detecting CXX compiler ABI info
[0.641s] -- Detecting CXX compiler ABI info - done
[0.655s] -- Check for working CXX compiler: /usr/bin/c++ - skipped
[0.655s] -- Detecting CXX compile features
[0.655s] -- Detecting CXX compile features - done
[0.661s] -- Found ament_cmake: 2.5.6 (/opt/ros/jazzy/share/ament_cmake/cmake)
[0.801s] -- Found Python3: /usr/bin/python3 (found version "3.12.3") found components: Interpreter 
[0.913s] -- Found ament_lint_auto: 0.17.5 (/opt/ros/jazzy/share/ament_lint_auto/cmake)
[1.008s] -- Added test 'flake8' to check Python code syntax and style conventions
[1.008s] -- Configured 'flake8' exclude dirs and/or files: 
[1.009s] -- Added test 'lint_cmake' to check CMake code style
[1.010s] -- Added test 'pep257' to check Python code against some of the docstring style conventions in PEP 257
[1.012s] -- Added test 'xmllint' to check XML markup files
[1.014s] -- Configuring done (0.9s)
[1.016s] -- Generating done (0.0s)
[1.018s] -- Build files have been written to: /home/karims/Desktop/IEEE-RAS-ROS-26/Task_16/build/diff_drive_robot
[1.023s] Invoked command in '/home/karims/Desktop/IEEE-RAS-ROS-26/Task_16/build/diff_drive_robot' returned '0': CMAKE_PREFIX_PATH=${CMAKE_PREFIX_PATH}:/home/karims/Desktop/IEEE-RAS-ROS-26/Task_16/install/robot_simulation:/home/karims/Desktop/IEEE-RAS-ROS-26/Task_16/install/my_robot:/home/karims/Desktop/IEEE-RAS-ROS-26/Task_11/ros2_ws/install/traffic_manager:/home/karims/Desktop/IEEE-RAS-ROS-26/Task_11/ros2_ws/src/traffic_manager/install/traffic_manager:/home/karims/Desktop/IEEE-RAS-ROS-26/Task_11/ros2_ws/src/install/traffic_manager:/opt/ros/jazzy DEBUGINFOD_URLS=https://debuginfod.ubuntu.com /usr/bin/cmake /home/karims/Desktop/IEEE-RAS-ROS-26/Task_16/diff_drive_robot -DCMAKE_INSTALL_PREFIX=/home/karims/Desktop/IEEE-RAS-ROS-26/Task_16/install/diff_drive_robot
[1.023s] Invoking command in '/home/karims/Desktop/IEEE-RAS-ROS-26/Task_16/build/diff_drive_robot': CMAKE_PREFIX_PATH=${CMAKE_PREFIX_PATH}:/home/karims/Desktop/IEEE-RAS-ROS-26/Task_16/install/robot_simulation:/home/karims/Desktop/IEEE-RAS-ROS-26/Task_16/install/my_robot:/home/karims/Desktop/IEEE-RAS-ROS-26/Task_11/ros2_ws/install/traffic_manager:/home/karims/Desktop/IEEE-RAS-ROS-26/Task_11/ros2_ws/src/traffic_manager/install/traffic_manager:/home/karims/Desktop/IEEE-RAS-ROS-26/Task_11/ros2_ws/src/install/traffic_manager:/opt/ros/jazzy DEBUGINFOD_URLS=https://debuginfod.ubuntu.com /usr/bin/cmake --build /home/karims/Desktop/IEEE-RAS-ROS-26/Task_16/build/diff_drive_robot -- -j24 -l24
[1.072s] Invoked command in '/home/karims/Desktop/IEEE-RAS-ROS-26/Task_16/build/diff_drive_robot' returned '0': CMAKE_PREFIX_PATH=${CMAKE_PREFIX_PATH}:/home/karims/Desktop/IEEE-RAS-ROS-26/Task_16/install/robot_simulation:/home/karims/Desktop/IEEE-RAS-ROS-26/Task_16/install/my_robot:/home/karims/Desktop/IEEE-RAS-ROS-26/Task_11/ros2_ws/install/traffic_manager:/home/karims/Desktop/IEEE-RAS-ROS-26/Task_11/ros2_ws/src/traffic_manager/install/traffic_manager:/home/karims/Desktop/IEEE-RAS-ROS-26/Task_11/ros2_ws/src/install/traffic_manager:/opt/ros/jazzy DEBUGINFOD_URLS=https://debuginfod.ubuntu.com /usr/bin/cmake --build /home/karims/Desktop/IEEE-RAS-ROS-26/Task_16/build/diff_drive_robot -- -j24 -l24
[1.084s] Invoking command in '/home/karims/Desktop/IEEE-RAS-ROS-26/Task_16/build/diff_drive_robot': CMAKE_PREFIX_PATH=${CMAKE_PREFIX_PATH}:/home/karims/Desktop/IEEE-RAS-ROS-26/Task_16/install/robot_simulation:/home/karims/Desktop/IEEE-RAS-ROS-26/Task_16/install/my_robot:/home/karims/Desktop/IEEE-RAS-ROS-26/Task_11/ros2_ws/install/traffic_manager:/home/karims/Desktop/IEEE-RAS-ROS-26/Task_11/ros2_ws/src/traffic_manager/install/traffic_manager:/home/karims/Desktop/IEEE-RAS-ROS-26/Task_11/ros2_ws/src/install/traffic_manager:/opt/ros/jazzy DEBUGINFOD_URLS=https://debuginfod.ubuntu.com /usr/bin/cmake --install /home/karims/Desktop/IEEE-RAS-ROS-26/Task_16/build/diff_drive_robot
[1.096s] -- Install configuration: ""
[1.096s] -- Installing: /home/karims/Desktop/IEEE-RAS-ROS-26/Task_16/install/diff_drive_robot/share/diff_drive_robot/launch
[1.096s] -- Installing: /home/karims/Desktop/IEEE-RAS-ROS-26/Task_16/install/diff_drive_robot/share/diff_drive_robot/launch/robot.launch.py
[1.096s] -- Installing: /home/karims/Desktop/IEEE-RAS-ROS-26/Task_16/install/diff_drive_robot/share/diff_drive_robot/launch/rsp.launch.py
[1.096s] -- Installing: /home/karims/Desktop/IEEE-RAS-ROS-26/Task_16/install/diff_drive_robot/share/diff_drive_robot/urdf
[1.096s] -- Installing: /home/karims/Desktop/IEEE-RAS-ROS-26/Task_16/install/diff_drive_robot/share/diff_drive_robot/urdf/inertial_macros.xacro
[1.096s] -- Installing: /home/karims/Desktop/IEEE-RAS-ROS-26/Task_16/install/diff_drive_robot/share/diff_drive_robot/urdf/robot.urdf
[1.096s] -- Installing: /home/karims/Desktop/IEEE-RAS-ROS-26/Task_16/install/diff_drive_robot/share/diff_drive_robot/urdf/robot.gazebo
[1.096s] -- Installing: /home/karims/Desktop/IEEE-RAS-ROS-26/Task_16/install/diff_drive_robot/share/diff_drive_robot/config
[1.096s] -- Installing: /home/karims/Desktop/IEEE-RAS-ROS-26/Task_16/install/diff_drive_robot/share/diff_drive_robot/config/gz_bridge.yaml
[1.096s] -- Installing: /home/karims/Desktop/IEEE-RAS-ROS-26/Task_16/install/diff_drive_robot/share/diff_drive_robot/worlds
[1.096s] -- Installing: /home/karims/Desktop/IEEE-RAS-ROS-26/Task_16/install/diff_drive_robot/share/diff_drive_robot/worlds/empty.world
[1.097s] -- Installing: /home/karims/Desktop/IEEE-RAS-ROS-26/Task_16/install/diff_drive_robot/share/diff_drive_robot/worlds/obstacles.world
[1.097s] -- Installing: /home/karims/Desktop/IEEE-RAS-ROS-26/Task_16/install/diff_drive_robot/share/diff_drive_robot/worlds/world.sdf
[1.097s] -- Installing: /home/karims/Desktop/IEEE-RAS-ROS-26/Task_16/install/diff_drive_robot/share/diff_drive_robot/rviz
[1.097s] -- Installing: /home/karims/Desktop/IEEE-RAS-ROS-26/Task_16/install/diff_drive_robot/share/diff_drive_robot/rviz/bot.rviz
[1.097s] -- Installing: /home/karims/Desktop/IEEE-RAS-ROS-26/Task_16/install/diff_drive_robot/share/ament_index/resource_index/package_run_dependencies/diff_drive_robot
[1.097s] -- Installing: /home/karims/Desktop/IEEE-RAS-ROS-26/Task_16/install/diff_drive_robot/share/ament_index/resource_index/parent_prefix_path/diff_drive_robot
[1.097s] -- Installing: /home/karims/Desktop/IEEE-RAS-ROS-26/Task_16/install/diff_drive_robot/share/diff_drive_robot/environment/ament_prefix_path.sh
[1.097s] -- Installing: /home/karims/Desktop/IEEE-RAS-ROS-26/Task_16/install/diff_drive_robot/share/diff_drive_robot/environment/ament_prefix_path.dsv
[1.097s] -- Installing: /home/karims/Desktop/IEEE-RAS-ROS-26/Task_16/install/diff_drive_robot/share/diff_drive_robot/environment/path.sh
[1.098s] -- Installing: /home/karims/Desktop/IEEE-RAS-ROS-26/Task_16/install/diff_drive_robot/share/diff_drive_robot/environment/path.dsv
[1.098s] -- Installing: /home/karims/Desktop/IEEE-RAS-ROS-26/Task_16/install/diff_drive_robot/share/diff_drive_robot/local_setup.bash
[1.099s] -- Installing: /home/karims/Desktop/IEEE-RAS-ROS-26/Task_16/install/diff_drive_robot/share/diff_drive_robot/local_setup.sh
[1.099s] -- Installing: /home/karims/Desktop/IEEE-RAS-ROS-26/Task_16/install/diff_drive_robot/share/diff_drive_robot/local_setup.zsh
[1.099s] -- Installing: /home/karims/Desktop/IEEE-RAS-ROS-26/Task_16/install/diff_drive_robot/share/diff_drive_robot/local_setup.dsv
[1.099s] -- Installing: /home/karims/Desktop/IEEE-RAS-ROS-26/Task_16/install/diff_drive_robot/share/diff_drive_robot/package.dsv
[1.099s] -- Installing: /home/karims/Desktop/IEEE-RAS-ROS-26/Task_16/install/diff_drive_robot/share/ament_index/resource_index/packages/diff_drive_robot
[1.099s] -- Installing: /home/karims/Desktop/IEEE-RAS-ROS-26/Task_16/install/diff_drive_robot/share/diff_drive_robot/cmake/diff_drive_robotConfig.cmake
[1.099s] -- Installing: /home/karims/Desktop/IEEE-RAS-ROS-26/Task_16/install/diff_drive_robot/share/diff_drive_robot/cmake/diff_drive_robotConfig-version.cmake
[1.099s] -- Installing: /home/karims/Desktop/IEEE-RAS-ROS-26/Task_16/install/diff_drive_robot/share/diff_drive_robot/package.xml
[1.100s] Invoked command in '/home/karims/Desktop/IEEE-RAS-ROS-26/Task_16/build/diff_drive_robot' returned '0': CMAKE_PREFIX_PATH=${CMAKE_PREFIX_PATH}:/home/karims/Desktop/IEEE-RAS-ROS-26/Task_16/install/robot_simulation:/home/karims/Desktop/IEEE-RAS-ROS-26/Task_16/install/my_robot:/home/karims/Desktop/IEEE-RAS-ROS-26/Task_11/ros2_ws/install/traffic_manager:/home/karims/Desktop/IEEE-RAS-ROS-26/Task_11/ros2_ws/src/traffic_manager/install/traffic_manager:/home/karims/Desktop/IEEE-RAS-ROS-26/Task_11/ros2_ws/src/install/traffic_manager:/opt/ros/jazzy DEBUGINFOD_URLS=https://debuginfod.ubuntu.com /usr/bin/cmake --install /home/karims/Desktop/IEEE-RAS-ROS-26/Task_16/build/diff_drive_robot
