[0.589s] Invoking command in '/home/karims/Desktop/IEEE-RAS-ROS-26/Task_11/ros2_ws/src/traffic_manager': DEBUGINFOD_URLS=https://debuginfod.ubuntu.com PYTHONPATH=/home/karims/Desktop/IEEE-RAS-ROS-26/Task_11/ros2_ws/src/traffic_manager/build/traffic_manager/prefix_override:/usr/lib/python3/dist-packages/colcon_core/task/python/colcon_distutils_commands:/home/karims/Desktop/IEEE-RAS-ROS-26/Task_11/ros2_ws/src/traffic_manager/install/traffic_manager/lib/python3.12/site-packages:${PYTHONPATH} /usr/bin/python3 -W ignore:setup.py install is deprecated -W ignore:easy_install command is deprecated setup.py egg_info --egg-base build/traffic_manager build --build-base /home/karims/Desktop/IEEE-RAS-ROS-26/Task_11/ros2_ws/src/traffic_manager/build/traffic_manager/build install --record /home/karims/Desktop/IEEE-RAS-ROS-26/Task_11/ros2_ws/src/traffic_manager/build/traffic_manager/install.log --single-version-externally-managed install_data
[0.788s] running egg_info
[0.801s] writing build/traffic_manager/traffic_manager.egg-info/PKG-INFO
[0.801s] writing dependency_links to build/traffic_manager/traffic_manager.egg-info/dependency_links.txt
[0.801s] writing requirements to build/traffic_manager/traffic_manager.egg-info/requires.txt
[0.801s] writing top-level names to build/traffic_manager/traffic_manager.egg-info/top_level.txt
[0.829s] reading manifest file 'build/traffic_manager/traffic_manager.egg-info/SOURCES.txt'
[0.830s] writing manifest file 'build/traffic_manager/traffic_manager.egg-info/SOURCES.txt'
[0.830s] running build
[0.830s] running build_py
[0.830s] copying traffic_manager/fleet_emulator.py -> /home/karims/Desktop/IEEE-RAS-ROS-26/Task_11/ros2_ws/src/traffic_manager/build/traffic_manager/build/lib/traffic_manager
[0.830s] copying traffic_manager/traffic_manger.py -> /home/karims/Desktop/IEEE-RAS-ROS-26/Task_11/ros2_ws/src/traffic_manager/build/traffic_manager/build/lib/traffic_manager
[0.830s] running install
[0.835s] running install_lib
[0.849s] copying /home/karims/Desktop/IEEE-RAS-ROS-26/Task_11/ros2_ws/src/traffic_manager/build/traffic_manager/build/lib/traffic_manager/fleet_emulator.py -> /home/karims/Desktop/IEEE-RAS-ROS-26/Task_11/ros2_ws/src/traffic_manager/install/traffic_manager/lib/python3.12/site-packages/traffic_manager
[0.849s] copying /home/karims/Desktop/IEEE-RAS-ROS-26/Task_11/ros2_ws/src/traffic_manager/build/traffic_manager/build/lib/traffic_manager/traffic_manger.py -> /home/karims/Desktop/IEEE-RAS-ROS-26/Task_11/ros2_ws/src/traffic_manager/install/traffic_manager/lib/python3.12/site-packages/traffic_manager
[0.850s] byte-compiling /home/karims/Desktop/IEEE-RAS-ROS-26/Task_11/ros2_ws/src/traffic_manager/install/traffic_manager/lib/python3.12/site-packages/traffic_manager/fleet_emulator.py to fleet_emulator.cpython-312.pyc
[0.850s] byte-compiling /home/karims/Desktop/IEEE-RAS-ROS-26/Task_11/ros2_ws/src/traffic_manager/install/traffic_manager/lib/python3.12/site-packages/traffic_manager/traffic_manger.py to traffic_manger.cpython-312.pyc
[0.851s] running install_data
[0.851s] running install_egg_info
[0.866s] removing '/home/karims/Desktop/IEEE-RAS-ROS-26/Task_11/ros2_ws/src/traffic_manager/install/traffic_manager/lib/python3.12/site-packages/traffic_manager-0.0.0-py3.12.egg-info' (and everything under it)
[0.866s] Copying build/traffic_manager/traffic_manager.egg-info to /home/karims/Desktop/IEEE-RAS-ROS-26/Task_11/ros2_ws/src/traffic_manager/install/traffic_manager/lib/python3.12/site-packages/traffic_manager-0.0.0-py3.12.egg-info
[0.867s] running install_scripts
[0.960s] writing list of installed files to '/home/karims/Desktop/IEEE-RAS-ROS-26/Task_11/ros2_ws/src/traffic_manager/build/traffic_manager/install.log'
[0.978s] Invoked command in '/home/karims/Desktop/IEEE-RAS-ROS-26/Task_11/ros2_ws/src/traffic_manager' returned '0': DEBUGINFOD_URLS=https://debuginfod.ubuntu.com PYTHONPATH=/home/karims/Desktop/IEEE-RAS-ROS-26/Task_11/ros2_ws/src/traffic_manager/build/traffic_manager/prefix_override:/usr/lib/python3/dist-packages/colcon_core/task/python/colcon_distutils_commands:/home/karims/Desktop/IEEE-RAS-ROS-26/Task_11/ros2_ws/src/traffic_manager/install/traffic_manager/lib/python3.12/site-packages:${PYTHONPATH} /usr/bin/python3 -W ignore:setup.py install is deprecated -W ignore:easy_install command is deprecated setup.py egg_info --egg-base build/traffic_manager build --build-base /home/karims/Desktop/IEEE-RAS-ROS-26/Task_11/ros2_ws/src/traffic_manager/build/traffic_manager/build install --record /home/karims/Desktop/IEEE-RAS-ROS-26/Task_11/ros2_ws/src/traffic_manager/build/traffic_manager/install.log --single-version-externally-managed install_data
