[0.085s] DEBUG:colcon:Command line arguments: ['/usr/bin/colcon', 'build']
[0.085s] DEBUG:colcon:Parsed command line arguments: Namespace(log_base=None, log_level=None, verb_name='build', build_base='build', install_base='install', merge_install=False, symlink_install=False, test_result_base=None, continue_on_error=False, executor='parallel', parallel_workers=24, event_handlers=None, ignore_user_meta=False, metas=['./colcon.meta'], base_paths=['.'], packages_ignore=None, packages_ignore_regex=None, paths=None, packages_up_to=None, packages_up_to_regex=None, packages_above=None, packages_above_and_dependencies=None, packages_above_depth=None, packages_select_by_dep=None, packages_skip_by_dep=None, packages_skip_up_to=None, packages_select_build_failed=False, packages_skip_build_finished=False, packages_select_test_failures=False, packages_skip_test_passed=False, packages_select=None, packages_skip=None, packages_select_regex=None, packages_skip_regex=None, packages_start=None, packages_end=None, allow_overriding=[], cmake_args=None, cmake_target=None, cmake_target_skip_unavailable=False, cmake_clean_cache=False, cmake_clean_first=False, cmake_force_configure=False, ament_cmake_args=None, catkin_cmake_args=None, catkin_skip_building_tests=False, mixin_files=None, mixin=None, verb_parser=<colcon_mixin.mixin.mixin_argument.MixinArgumentDecorator object at 0x72d1fdba78f0>, verb_extension=<colcon_core.verb.build.BuildVerb object at 0x72d1fdba7680>, main=<bound method BuildVerb.main of <colcon_core.verb.build.BuildVerb object at 0x72d1fdba7680>>, mixin_verb=('build',))
[0.115s] Level 1:colcon.colcon_core.package_discovery:discover_packages(colcon_meta) check parameters
[0.115s] Level 1:colcon.colcon_core.package_discovery:discover_packages(recursive) check parameters
[0.115s] Level 1:colcon.colcon_core.package_discovery:discover_packages(ignore) check parameters
[0.115s] Level 1:colcon.colcon_core.package_discovery:discover_packages(path) check parameters
[0.115s] Level 1:colcon.colcon_core.package_discovery:discover_packages(colcon_meta) discover
[0.115s] Level 1:colcon.colcon_core.package_discovery:discover_packages(recursive) discover
[0.115s] INFO:colcon.colcon_core.package_discovery:Crawling recursively for packages in '/home/karims/Desktop/IEEE-RAS-ROS-26/Task_13'
[0.115s] Level 1:colcon.colcon_core.package_identification:_identify(.) by extensions ['ignore', 'ignore_ament_install']
[0.116s] Level 1:colcon.colcon_core.package_identification:_identify(.) by extension 'ignore'
[0.116s] Level 1:colcon.colcon_core.package_identification:_identify(.) by extension 'ignore_ament_install'
[0.116s] Level 1:colcon.colcon_core.package_identification:_identify(.) by extensions ['colcon_pkg']
[0.116s] Level 1:colcon.colcon_core.package_identification:_identify(.) by extension 'colcon_pkg'
[0.116s] Level 1:colcon.colcon_core.package_identification:_identify(.) by extensions ['colcon_meta']
[0.116s] Level 1:colcon.colcon_core.package_identification:_identify(.) by extension 'colcon_meta'
[0.116s] Level 1:colcon.colcon_core.package_identification:_identify(.) by extensions ['ros']
[0.116s] Level 1:colcon.colcon_core.package_identification:_identify(.) by extension 'ros'
[0.137s] Level 1:colcon.colcon_core.package_identification:_identify(.) by extensions ['cmake', 'python']
[0.137s] Level 1:colcon.colcon_core.package_identification:_identify(.) by extension 'cmake'
[0.137s] Level 1:colcon.colcon_core.package_identification:_identify(.) by extension 'python'
[0.137s] Level 1:colcon.colcon_core.package_identification:_identify(.) by extensions ['python_setup_py']
[0.137s] Level 1:colcon.colcon_core.package_identification:_identify(.) by extension 'python_setup_py'
[0.138s] Level 1:colcon.colcon_core.package_identification:_identify(build) by extensions ['ignore', 'ignore_ament_install']
[0.138s] Level 1:colcon.colcon_core.package_identification:_identify(build) by extension 'ignore'
[0.138s] Level 1:colcon.colcon_core.package_identification:_identify(build) ignored
[0.138s] Level 1:colcon.colcon_core.package_identification:_identify(install) by extensions ['ignore', 'ignore_ament_install']
[0.138s] Level 1:colcon.colcon_core.package_identification:_identify(install) by extension 'ignore'
[0.138s] Level 1:colcon.colcon_core.package_identification:_identify(install) ignored
[0.138s] Level 1:colcon.colcon_core.package_identification:_identify(log) by extensions ['ignore', 'ignore_ament_install']
[0.138s] Level 1:colcon.colcon_core.package_identification:_identify(log) by extension 'ignore'
[0.138s] Level 1:colcon.colcon_core.package_identification:_identify(log) ignored
[0.138s] Level 1:colcon.colcon_core.package_identification:_identify(src) by extensions ['ignore', 'ignore_ament_install']
[0.138s] Level 1:colcon.colcon_core.package_identification:_identify(src) by extension 'ignore'
[0.138s] Level 1:colcon.colcon_core.package_identification:_identify(src) by extension 'ignore_ament_install'
[0.138s] Level 1:colcon.colcon_core.package_identification:_identify(src) by extensions ['colcon_pkg']
[0.138s] Level 1:colcon.colcon_core.package_identification:_identify(src) by extension 'colcon_pkg'
[0.138s] Level 1:colcon.colcon_core.package_identification:_identify(src) by extensions ['colcon_meta']
[0.138s] Level 1:colcon.colcon_core.package_identification:_identify(src) by extension 'colcon_meta'
[0.138s] Level 1:colcon.colcon_core.package_identification:_identify(src) by extensions ['ros']
[0.138s] Level 1:colcon.colcon_core.package_identification:_identify(src) by extension 'ros'
[0.138s] Level 1:colcon.colcon_core.package_identification:_identify(src) by extensions ['cmake', 'python']
[0.138s] Level 1:colcon.colcon_core.package_identification:_identify(src) by extension 'cmake'
[0.138s] Level 1:colcon.colcon_core.package_identification:_identify(src) by extension 'python'
[0.138s] Level 1:colcon.colcon_core.package_identification:_identify(src) by extensions ['python_setup_py']
[0.138s] Level 1:colcon.colcon_core.package_identification:_identify(src) by extension 'python_setup_py'
[0.138s] Level 1:colcon.colcon_core.package_identification:_identify(src/fleet_emulator2) by extensions ['ignore', 'ignore_ament_install']
[0.139s] Level 1:colcon.colcon_core.package_identification:_identify(src/fleet_emulator2) by extension 'ignore'
[0.139s] Level 1:colcon.colcon_core.package_identification:_identify(src/fleet_emulator2) by extension 'ignore_ament_install'
[0.139s] Level 1:colcon.colcon_core.package_identification:_identify(src/fleet_emulator2) by extensions ['colcon_pkg']
[0.139s] Level 1:colcon.colcon_core.package_identification:_identify(src/fleet_emulator2) by extension 'colcon_pkg'
[0.139s] Level 1:colcon.colcon_core.package_identification:_identify(src/fleet_emulator2) by extensions ['colcon_meta']
[0.139s] Level 1:colcon.colcon_core.package_identification:_identify(src/fleet_emulator2) by extension 'colcon_meta'
[0.139s] Level 1:colcon.colcon_core.package_identification:_identify(src/fleet_emulator2) by extensions ['ros']
[0.139s] Level 1:colcon.colcon_core.package_identification:_identify(src/fleet_emulator2) by extension 'ros'
[0.141s] DEBUG:colcon.colcon_core.package_identification:Package 'src/fleet_emulator2' with type 'ros.ament_python' and name 'fleet_emulator2'
[0.141s] Level 1:colcon.colcon_core.package_discovery:discover_packages(recursive) using defaults
[0.141s] Level 1:colcon.colcon_core.package_discovery:discover_packages(ignore) discover
[0.141s] Level 1:colcon.colcon_core.package_discovery:discover_packages(ignore) using defaults
[0.141s] Level 1:colcon.colcon_core.package_discovery:discover_packages(path) discover
[0.141s] Level 1:colcon.colcon_core.package_discovery:discover_packages(path) using defaults
[0.155s] Level 1:colcon.colcon_core.package_discovery:discover_packages(prefix_path) check parameters
[0.155s] Level 1:colcon.colcon_core.package_discovery:discover_packages(prefix_path) discover
[0.156s] DEBUG:colcon.colcon_installed_package_information.package_discovery:Found 1 installed packages in /home/karims/Desktop/IEEE-RAS-ROS-26/Task_11/ros2_ws/install
[0.157s] DEBUG:colcon.colcon_installed_package_information.package_discovery:Found 1 installed packages in /home/karims/Desktop/IEEE-RAS-ROS-26/Task_11/ros2_ws/src/traffic_manager/install
[0.157s] DEBUG:colcon.colcon_installed_package_information.package_discovery:Found 1 installed packages in /home/karims/Desktop/IEEE-RAS-ROS-26/Task_11/ros2_ws/src/install
[0.159s] DEBUG:colcon.colcon_installed_package_information.package_discovery:Found 507 installed packages in /opt/ros/jazzy
[0.160s] Level 1:colcon.colcon_core.package_discovery:discover_packages(prefix_path) using defaults
[0.205s] Level 5:colcon.colcon_core.verb:set package 'fleet_emulator2' build argument 'cmake_args' from command line to 'None'
[0.205s] Level 5:colcon.colcon_core.verb:set package 'fleet_emulator2' build argument 'cmake_target' from command line to 'None'
[0.205s] Level 5:colcon.colcon_core.verb:set package 'fleet_emulator2' build argument 'cmake_target_skip_unavailable' from command line to 'False'
[0.205s] Level 5:colcon.colcon_core.verb:set package 'fleet_emulator2' build argument 'cmake_clean_cache' from command line to 'False'
[0.205s] Level 5:colcon.colcon_core.verb:set package 'fleet_emulator2' build argument 'cmake_clean_first' from command line to 'False'
[0.205s] Level 5:colcon.colcon_core.verb:set package 'fleet_emulator2' build argument 'cmake_force_configure' from command line to 'False'
[0.205s] Level 5:colcon.colcon_core.verb:set package 'fleet_emulator2' build argument 'ament_cmake_args' from command line to 'None'
[0.205s] Level 5:colcon.colcon_core.verb:set package 'fleet_emulator2' build argument 'catkin_cmake_args' from command line to 'None'
[0.205s] Level 5:colcon.colcon_core.verb:set package 'fleet_emulator2' build argument 'catkin_skip_building_tests' from command line to 'False'
[0.205s] DEBUG:colcon.colcon_core.verb:Building package 'fleet_emulator2' with the following arguments: {'ament_cmake_args': None, 'build_base': '/home/karims/Desktop/IEEE-RAS-ROS-26/Task_13/build/fleet_emulator2', 'catkin_cmake_args': None, 'catkin_skip_building_tests': False, 'cmake_args': None, 'cmake_clean_cache': False, 'cmake_clean_first': False, 'cmake_force_configure': False, 'cmake_target': None, 'cmake_target_skip_unavailable': False, 'install_base': '/home/karims/Desktop/IEEE-RAS-ROS-26/Task_13/install/fleet_emulator2', 'merge_install': False, 'path': '/home/karims/Desktop/IEEE-RAS-ROS-26/Task_13/src/fleet_emulator2', 'symlink_install': False, 'test_result_base': None}
[0.205s] INFO:colcon.colcon_core.executor:Executing jobs using 'parallel' executor
[0.206s] DEBUG:colcon.colcon_parallel_executor.executor.parallel:run_until_complete
[0.207s] INFO:colcon.colcon_ros.task.ament_python.build:Building ROS package in '/home/karims/Desktop/IEEE-RAS-ROS-26/Task_13/src/fleet_emulator2' with build type 'ament_python'
[0.207s] Level 1:colcon.colcon_core.shell:create_environment_hook('fleet_emulator2', 'ament_prefix_path')
[0.208s] INFO:colcon.colcon_core.plugin_system:Skipping extension 'colcon_core.shell.bat': Not used on non-Windows systems
[0.208s] INFO:colcon.colcon_core.shell:Creating environment hook '/home/karims/Desktop/IEEE-RAS-ROS-26/Task_13/install/fleet_emulator2/share/fleet_emulator2/hook/ament_prefix_path.ps1'
[0.209s] INFO:colcon.colcon_core.shell:Creating environment descriptor '/home/karims/Desktop/IEEE-RAS-ROS-26/Task_13/install/fleet_emulator2/share/fleet_emulator2/hook/ament_prefix_path.dsv'
[0.209s] INFO:colcon.colcon_core.shell:Creating environment hook '/home/karims/Desktop/IEEE-RAS-ROS-26/Task_13/install/fleet_emulator2/share/fleet_emulator2/hook/ament_prefix_path.sh'
[0.209s] INFO:colcon.colcon_core.shell:Skip shell extension 'powershell' for command environment: Not usable outside of PowerShell
[0.209s] DEBUG:colcon.colcon_core.shell:Skip shell extension 'dsv' for command environment
[0.421s] WARNING:colcon.colcon_ros.task.ament_python.build:Package 'fleet_emulator2' doesn't explicitly install a marker in the package index (colcon-ros currently does it implicitly but that fallback will be removed in the future)
[0.421s] INFO:colcon.colcon_core.task.python.build:Building Python package in '/home/karims/Desktop/IEEE-RAS-ROS-26/Task_13/src/fleet_emulator2'
[0.421s] INFO:colcon.colcon_core.shell:Skip shell extension 'powershell' for command environment: Not usable outside of PowerShell
[0.421s] DEBUG:colcon.colcon_core.shell:Skip shell extension 'dsv' for command environment
[1.009s] DEBUG:colcon.colcon_core.task.python.build:Available setuptools commands: alias, setopt, check, build_clib, editable_wheel, egg_info, rotate, update_catalog, install, saveopts, compile_catalog, develop, upload, install_data, extract_messages, easy_install, install_lib, build_scripts, install_headers, bdist_dumb, clean, bdist_egg, bdist_rpm, dist_info, build_ext, install_scripts, sdist, build_py, symlink_data, init_catalog, upload_docs, bdist_wheel, build, bdist, test, install_egg_info, register
[1.012s] DEBUG:colcon.colcon_core.event_handler.log_command:Invoking command in '/home/karims/Desktop/IEEE-RAS-ROS-26/Task_13/src/fleet_emulator2': DEBUGINFOD_URLS=https://debuginfod.ubuntu.com PYTHONPATH=/home/karims/Desktop/IEEE-RAS-ROS-26/Task_13/build/fleet_emulator2/prefix_override:/usr/lib/python3/dist-packages/colcon_core/task/python/colcon_distutils_commands:/home/karims/Desktop/IEEE-RAS-ROS-26/Task_13/install/fleet_emulator2/lib/python3.12/site-packages:${PYTHONPATH} /usr/bin/python3 -W ignore:setup.py install is deprecated -W ignore:easy_install command is deprecated setup.py egg_info --egg-base ../../build/fleet_emulator2 build --build-base /home/karims/Desktop/IEEE-RAS-ROS-26/Task_13/build/fleet_emulator2/build install --record /home/karims/Desktop/IEEE-RAS-ROS-26/Task_13/build/fleet_emulator2/install.log --install-scripts $base/lib/fleet_emulator2 --single-version-externally-managed install_data
[2.033s] DEBUG:colcon.colcon_core.event_handler.log_command:Invoked command in '/home/karims/Desktop/IEEE-RAS-ROS-26/Task_13/src/fleet_emulator2' returned '0': DEBUGINFOD_URLS=https://debuginfod.ubuntu.com PYTHONPATH=/home/karims/Desktop/IEEE-RAS-ROS-26/Task_13/build/fleet_emulator2/prefix_override:/usr/lib/python3/dist-packages/colcon_core/task/python/colcon_distutils_commands:/home/karims/Desktop/IEEE-RAS-ROS-26/Task_13/install/fleet_emulator2/lib/python3.12/site-packages:${PYTHONPATH} /usr/bin/python3 -W ignore:setup.py install is deprecated -W ignore:easy_install command is deprecated setup.py egg_info --egg-base ../../build/fleet_emulator2 build --build-base /home/karims/Desktop/IEEE-RAS-ROS-26/Task_13/build/fleet_emulator2/build install --record /home/karims/Desktop/IEEE-RAS-ROS-26/Task_13/build/fleet_emulator2/install.log --install-scripts $base/lib/fleet_emulator2 --single-version-externally-managed install_data
[2.035s] Level 1:colcon.colcon_core.environment:checking '/home/karims/Desktop/IEEE-RAS-ROS-26/Task_13/install/fleet_emulator2' for CMake module files
[2.035s] Level 1:colcon.colcon_core.environment:checking '/home/karims/Desktop/IEEE-RAS-ROS-26/Task_13/install/fleet_emulator2' for CMake config files
[2.036s] Level 1:colcon.colcon_core.environment:checking '/home/karims/Desktop/IEEE-RAS-ROS-26/Task_13/install/fleet_emulator2/lib'
[2.036s] Level 1:colcon.colcon_core.environment:checking '/home/karims/Desktop/IEEE-RAS-ROS-26/Task_13/install/fleet_emulator2/bin'
[2.036s] Level 1:colcon.colcon_core.environment:checking '/home/karims/Desktop/IEEE-RAS-ROS-26/Task_13/install/fleet_emulator2/lib/pkgconfig/fleet_emulator2.pc'
[2.036s] Level 1:colcon.colcon_core.environment:checking '/home/karims/Desktop/IEEE-RAS-ROS-26/Task_13/install/fleet_emulator2/lib/python3.12/site-packages'
[2.036s] Level 1:colcon.colcon_core.shell:create_environment_hook('fleet_emulator2', 'pythonpath')
[2.036s] INFO:colcon.colcon_core.shell:Creating environment hook '/home/karims/Desktop/IEEE-RAS-ROS-26/Task_13/install/fleet_emulator2/share/fleet_emulator2/hook/pythonpath.ps1'
[2.037s] INFO:colcon.colcon_core.shell:Creating environment descriptor '/home/karims/Desktop/IEEE-RAS-ROS-26/Task_13/install/fleet_emulator2/share/fleet_emulator2/hook/pythonpath.dsv'
[2.037s] INFO:colcon.colcon_core.shell:Creating environment hook '/home/karims/Desktop/IEEE-RAS-ROS-26/Task_13/install/fleet_emulator2/share/fleet_emulator2/hook/pythonpath.sh'
[2.037s] Level 1:colcon.colcon_core.environment:checking '/home/karims/Desktop/IEEE-RAS-ROS-26/Task_13/install/fleet_emulator2/bin'
[2.037s] Level 1:colcon.colcon_core.environment:create_environment_scripts_only(fleet_emulator2)
[2.037s] INFO:colcon.colcon_core.shell:Creating package script '/home/karims/Desktop/IEEE-RAS-ROS-26/Task_13/install/fleet_emulator2/share/fleet_emulator2/package.ps1'
[2.038s] INFO:colcon.colcon_core.shell:Creating package descriptor '/home/karims/Desktop/IEEE-RAS-ROS-26/Task_13/install/fleet_emulator2/share/fleet_emulator2/package.dsv'
[2.038s] INFO:colcon.colcon_core.shell:Creating package script '/home/karims/Desktop/IEEE-RAS-ROS-26/Task_13/install/fleet_emulator2/share/fleet_emulator2/package.sh'
[2.046s] INFO:colcon.colcon_core.shell:Creating package script '/home/karims/Desktop/IEEE-RAS-ROS-26/Task_13/install/fleet_emulator2/share/fleet_emulator2/package.bash'
[2.046s] INFO:colcon.colcon_core.shell:Creating package script '/home/karims/Desktop/IEEE-RAS-ROS-26/Task_13/install/fleet_emulator2/share/fleet_emulator2/package.zsh'
[2.047s] Level 1:colcon.colcon_core.environment:create_file_with_runtime_dependencies(/home/karims/Desktop/IEEE-RAS-ROS-26/Task_13/install/fleet_emulator2/share/colcon-core/packages/fleet_emulator2)
[2.047s] DEBUG:colcon.colcon_parallel_executor.executor.parallel:closing loop
[2.047s] DEBUG:colcon.colcon_parallel_executor.executor.parallel:loop closed
[2.047s] DEBUG:colcon.colcon_parallel_executor.executor.parallel:run_until_complete finished with '0'
[2.047s] DEBUG:colcon.colcon_core.event_reactor:joining thread
[2.051s] INFO:colcon.colcon_core.plugin_system:Skipping extension 'colcon_notification.desktop_notification.terminal_notifier': Not used on non-Darwin systems
[2.051s] INFO:colcon.colcon_core.plugin_system:Skipping extension 'colcon_notification.desktop_notification.win32': Not used on non-Windows systems
[2.051s] INFO:colcon.colcon_notification.desktop_notification:Sending desktop notification using 'notify2'
[2.066s] DEBUG:colcon.colcon_core.event_reactor:joined thread
[2.066s] INFO:colcon.colcon_core.shell:Creating prefix script '/home/karims/Desktop/IEEE-RAS-ROS-26/Task_13/install/local_setup.ps1'
[2.066s] INFO:colcon.colcon_core.shell:Creating prefix util module '/home/karims/Desktop/IEEE-RAS-ROS-26/Task_13/install/_local_setup_util_ps1.py'
[2.067s] INFO:colcon.colcon_core.shell:Creating prefix chain script '/home/karims/Desktop/IEEE-RAS-ROS-26/Task_13/install/setup.ps1'
[2.068s] INFO:colcon.colcon_core.shell:Creating prefix script '/home/karims/Desktop/IEEE-RAS-ROS-26/Task_13/install/local_setup.sh'
[2.068s] INFO:colcon.colcon_core.shell:Creating prefix util module '/home/karims/Desktop/IEEE-RAS-ROS-26/Task_13/install/_local_setup_util_sh.py'
[2.069s] INFO:colcon.colcon_core.shell:Creating prefix chain script '/home/karims/Desktop/IEEE-RAS-ROS-26/Task_13/install/setup.sh'
[2.070s] INFO:colcon.colcon_core.shell:Creating prefix script '/home/karims/Desktop/IEEE-RAS-ROS-26/Task_13/install/local_setup.bash'
[2.070s] INFO:colcon.colcon_core.shell:Creating prefix chain script '/home/karims/Desktop/IEEE-RAS-ROS-26/Task_13/install/setup.bash'
[2.070s] INFO:colcon.colcon_core.shell:Creating prefix script '/home/karims/Desktop/IEEE-RAS-ROS-26/Task_13/install/local_setup.zsh'
[2.070s] INFO:colcon.colcon_core.shell:Creating prefix chain script '/home/karims/Desktop/IEEE-RAS-ROS-26/Task_13/install/setup.zsh'
