[0.080s] DEBUG:colcon:Command line arguments: ['/usr/bin/colcon', 'build']
[0.080s] DEBUG:colcon:Parsed command line arguments: Namespace(log_base=None, log_level=None, verb_name='build', build_base='build', install_base='install', merge_install=False, symlink_install=False, test_result_base=None, continue_on_error=False, executor='parallel', parallel_workers=24, event_handlers=None, ignore_user_meta=False, metas=['./colcon.meta'], base_paths=['.'], packages_ignore=None, packages_ignore_regex=None, paths=None, packages_up_to=None, packages_up_to_regex=None, packages_above=None, packages_above_and_dependencies=None, packages_above_depth=None, packages_select_by_dep=None, packages_skip_by_dep=None, packages_skip_up_to=None, packages_select_build_failed=False, packages_skip_build_finished=False, packages_select_test_failures=False, packages_skip_test_passed=False, packages_select=None, packages_skip=None, packages_select_regex=None, packages_skip_regex=None, packages_start=None, packages_end=None, allow_overriding=[], cmake_args=None, cmake_target=None, cmake_target_skip_unavailable=False, cmake_clean_cache=False, cmake_clean_first=False, cmake_force_configure=False, ament_cmake_args=None, catkin_cmake_args=None, catkin_skip_building_tests=False, mixin_files=None, mixin=None, verb_parser=<colcon_mixin.mixin.mixin_argument.MixinArgumentDecorator object at 0x730ce8ea8e30>, verb_extension=<colcon_core.verb.build.BuildVerb object at 0x730ce8fd5430>, main=<bound method BuildVerb.main of <colcon_core.verb.build.BuildVerb object at 0x730ce8fd5430>>, mixin_verb=('build',))
[0.110s] Level 1:colcon.colcon_core.package_discovery:discover_packages(colcon_meta) check parameters
[0.110s] Level 1:colcon.colcon_core.package_discovery:discover_packages(recursive) check parameters
[0.110s] Level 1:colcon.colcon_core.package_discovery:discover_packages(ignore) check parameters
[0.110s] Level 1:colcon.colcon_core.package_discovery:discover_packages(path) check parameters
[0.110s] Level 1:colcon.colcon_core.package_discovery:discover_packages(colcon_meta) discover
[0.110s] Level 1:colcon.colcon_core.package_discovery:discover_packages(recursive) discover
[0.110s] INFO:colcon.colcon_core.package_discovery:Crawling recursively for packages in '/home/karims/Desktop/IEEE-RAS-ROS-26/Task_11/ros2_ws/src/traffic_manager'
[0.110s] Level 1:colcon.colcon_core.package_identification:_identify(.) by extensions ['ignore', 'ignore_ament_install']
[0.111s] Level 1:colcon.colcon_core.package_identification:_identify(.) by extension 'ignore'
[0.111s] Level 1:colcon.colcon_core.package_identification:_identify(.) by extension 'ignore_ament_install'
[0.111s] Level 1:colcon.colcon_core.package_identification:_identify(.) by extensions ['colcon_pkg']
[0.111s] Level 1:colcon.colcon_core.package_identification:_identify(.) by extension 'colcon_pkg'
[0.111s] Level 1:colcon.colcon_core.package_identification:_identify(.) by extensions ['colcon_meta']
[0.111s] Level 1:colcon.colcon_core.package_identification:_identify(.) by extension 'colcon_meta'
[0.111s] Level 1:colcon.colcon_core.package_identification:_identify(.) by extensions ['ros']
[0.111s] Level 1:colcon.colcon_core.package_identification:_identify(.) by extension 'ros'
[0.133s] DEBUG:colcon.colcon_core.package_identification:Package '.' with type 'ros.ament_python' and name 'traffic_manager'
[0.133s] Level 1:colcon.colcon_core.package_discovery:discover_packages(recursive) using defaults
[0.133s] Level 1:colcon.colcon_core.package_discovery:discover_packages(ignore) discover
[0.133s] Level 1:colcon.colcon_core.package_discovery:discover_packages(ignore) using defaults
[0.133s] Level 1:colcon.colcon_core.package_discovery:discover_packages(path) discover
[0.133s] Level 1:colcon.colcon_core.package_discovery:discover_packages(path) using defaults
[0.147s] Level 1:colcon.colcon_core.package_discovery:discover_packages(prefix_path) check parameters
[0.147s] Level 1:colcon.colcon_core.package_discovery:discover_packages(prefix_path) discover
[0.148s] WARNING:colcon.colcon_core.prefix_path.colcon:The path '/home/karims/Desktop/IEEE-RAS-ROS-26/Task_11/install' in the environment variable COLCON_PREFIX_PATH doesn't exist
[0.148s] DEBUG:colcon.colcon_installed_package_information.package_discovery:Found 1 installed packages in /home/karims/Desktop/IEEE-RAS-ROS-26/Task_11/ros2_ws/src/traffic_manager/install
[0.149s] DEBUG:colcon.colcon_installed_package_information.package_discovery:Found 1 installed packages in /home/karims/Desktop/IEEE-RAS-ROS-26/Task_11/ros2_ws/src/install
[0.149s] DEBUG:colcon.colcon_installed_package_information.package_discovery:Found 1 installed packages in /home/karims/Desktop/IEEE-RAS-ROS-26/Task_11/ros2_ws/install
[0.150s] DEBUG:colcon.colcon_installed_package_information.package_discovery:Found 286 installed packages in /opt/ros/jazzy
[0.151s] Level 1:colcon.colcon_core.package_discovery:discover_packages(prefix_path) using defaults
[0.179s] Level 5:colcon.colcon_core.verb:set package 'traffic_manager' build argument 'cmake_args' from command line to 'None'
[0.179s] Level 5:colcon.colcon_core.verb:set package 'traffic_manager' build argument 'cmake_target' from command line to 'None'
[0.180s] Level 5:colcon.colcon_core.verb:set package 'traffic_manager' build argument 'cmake_target_skip_unavailable' from command line to 'False'
[0.180s] Level 5:colcon.colcon_core.verb:set package 'traffic_manager' build argument 'cmake_clean_cache' from command line to 'False'
[0.180s] Level 5:colcon.colcon_core.verb:set package 'traffic_manager' build argument 'cmake_clean_first' from command line to 'False'
[0.180s] Level 5:colcon.colcon_core.verb:set package 'traffic_manager' build argument 'cmake_force_configure' from command line to 'False'
[0.180s] Level 5:colcon.colcon_core.verb:set package 'traffic_manager' build argument 'ament_cmake_args' from command line to 'None'
[0.180s] Level 5:colcon.colcon_core.verb:set package 'traffic_manager' build argument 'catkin_cmake_args' from command line to 'None'
[0.180s] Level 5:colcon.colcon_core.verb:set package 'traffic_manager' build argument 'catkin_skip_building_tests' from command line to 'False'
[0.180s] DEBUG:colcon.colcon_core.verb:Building package 'traffic_manager' with the following arguments: {'ament_cmake_args': None, 'build_base': '/home/karims/Desktop/IEEE-RAS-ROS-26/Task_11/ros2_ws/src/traffic_manager/build/traffic_manager', 'catkin_cmake_args': None, 'catkin_skip_building_tests': False, 'cmake_args': None, 'cmake_clean_cache': False, 'cmake_clean_first': False, 'cmake_force_configure': False, 'cmake_target': None, 'cmake_target_skip_unavailable': False, 'install_base': '/home/karims/Desktop/IEEE-RAS-ROS-26/Task_11/ros2_ws/src/traffic_manager/install/traffic_manager', 'merge_install': False, 'path': '/home/karims/Desktop/IEEE-RAS-ROS-26/Task_11/ros2_ws/src/traffic_manager', 'symlink_install': False, 'test_result_base': None}
[0.180s] INFO:colcon.colcon_core.executor:Executing jobs using 'parallel' executor
[0.180s] DEBUG:colcon.colcon_parallel_executor.executor.parallel:run_until_complete
[0.181s] INFO:colcon.colcon_ros.task.ament_python.build:Building ROS package in '/home/karims/Desktop/IEEE-RAS-ROS-26/Task_11/ros2_ws/src/traffic_manager' with build type 'ament_python'
[0.181s] Level 1:colcon.colcon_core.shell:create_environment_hook('traffic_manager', 'ament_prefix_path')
[0.182s] INFO:colcon.colcon_core.plugin_system:Skipping extension 'colcon_core.shell.bat': Not used on non-Windows systems
[0.182s] INFO:colcon.colcon_core.shell:Creating environment hook '/home/karims/Desktop/IEEE-RAS-ROS-26/Task_11/ros2_ws/src/traffic_manager/install/traffic_manager/share/traffic_manager/hook/ament_prefix_path.ps1'
[0.183s] INFO:colcon.colcon_core.shell:Creating environment descriptor '/home/karims/Desktop/IEEE-RAS-ROS-26/Task_11/ros2_ws/src/traffic_manager/install/traffic_manager/share/traffic_manager/hook/ament_prefix_path.dsv'
[0.183s] INFO:colcon.colcon_core.shell:Creating environment hook '/home/karims/Desktop/IEEE-RAS-ROS-26/Task_11/ros2_ws/src/traffic_manager/install/traffic_manager/share/traffic_manager/hook/ament_prefix_path.sh'
[0.183s] INFO:colcon.colcon_core.shell:Skip shell extension 'powershell' for command environment: Not usable outside of PowerShell
[0.183s] DEBUG:colcon.colcon_core.shell:Skip shell extension 'dsv' for command environment
[0.346s] INFO:colcon.colcon_core.task.python.build:Building Python package in '/home/karims/Desktop/IEEE-RAS-ROS-26/Task_11/ros2_ws/src/traffic_manager'
[0.346s] INFO:colcon.colcon_core.shell:Skip shell extension 'powershell' for command environment: Not usable outside of PowerShell
[0.346s] DEBUG:colcon.colcon_core.shell:Skip shell extension 'dsv' for command environment
[0.770s] DEBUG:colcon.colcon_core.event_handler.log_command:Invoking command in '/home/karims/Desktop/IEEE-RAS-ROS-26/Task_11/ros2_ws/src/traffic_manager': DEBUGINFOD_URLS=https://debuginfod.ubuntu.com PYTHONPATH=/home/karims/Desktop/IEEE-RAS-ROS-26/Task_11/ros2_ws/src/traffic_manager/build/traffic_manager/prefix_override:/usr/lib/python3/dist-packages/colcon_core/task/python/colcon_distutils_commands:/home/karims/Desktop/IEEE-RAS-ROS-26/Task_11/ros2_ws/src/traffic_manager/install/traffic_manager/lib/python3.12/site-packages:${PYTHONPATH} /usr/bin/python3 -W ignore:setup.py install is deprecated -W ignore:easy_install command is deprecated setup.py egg_info --egg-base build/traffic_manager build --build-base /home/karims/Desktop/IEEE-RAS-ROS-26/Task_11/ros2_ws/src/traffic_manager/build/traffic_manager/build install --record /home/karims/Desktop/IEEE-RAS-ROS-26/Task_11/ros2_ws/src/traffic_manager/build/traffic_manager/install.log --single-version-externally-managed install_data
[1.159s] DEBUG:colcon.colcon_core.event_handler.log_command:Invoked command in '/home/karims/Desktop/IEEE-RAS-ROS-26/Task_11/ros2_ws/src/traffic_manager' returned '0': DEBUGINFOD_URLS=https://debuginfod.ubuntu.com PYTHONPATH=/home/karims/Desktop/IEEE-RAS-ROS-26/Task_11/ros2_ws/src/traffic_manager/build/traffic_manager/prefix_override:/usr/lib/python3/dist-packages/colcon_core/task/python/colcon_distutils_commands:/home/karims/Desktop/IEEE-RAS-ROS-26/Task_11/ros2_ws/src/traffic_manager/install/traffic_manager/lib/python3.12/site-packages:${PYTHONPATH} /usr/bin/python3 -W ignore:setup.py install is deprecated -W ignore:easy_install command is deprecated setup.py egg_info --egg-base build/traffic_manager build --build-base /home/karims/Desktop/IEEE-RAS-ROS-26/Task_11/ros2_ws/src/traffic_manager/build/traffic_manager/build install --record /home/karims/Desktop/IEEE-RAS-ROS-26/Task_11/ros2_ws/src/traffic_manager/build/traffic_manager/install.log --single-version-externally-managed install_data
[1.161s] Level 1:colcon.colcon_core.environment:checking '/home/karims/Desktop/IEEE-RAS-ROS-26/Task_11/ros2_ws/src/traffic_manager/install/traffic_manager' for CMake module files
[1.162s] Level 1:colcon.colcon_core.environment:checking '/home/karims/Desktop/IEEE-RAS-ROS-26/Task_11/ros2_ws/src/traffic_manager/install/traffic_manager' for CMake config files
[1.162s] Level 1:colcon.colcon_core.environment:checking '/home/karims/Desktop/IEEE-RAS-ROS-26/Task_11/ros2_ws/src/traffic_manager/install/traffic_manager/lib'
[1.163s] Level 1:colcon.colcon_core.environment:checking '/home/karims/Desktop/IEEE-RAS-ROS-26/Task_11/ros2_ws/src/traffic_manager/install/traffic_manager/bin'
[1.163s] Level 1:colcon.colcon_core.environment:checking '/home/karims/Desktop/IEEE-RAS-ROS-26/Task_11/ros2_ws/src/traffic_manager/install/traffic_manager/lib/pkgconfig/traffic_manager.pc'
[1.163s] Level 1:colcon.colcon_core.environment:checking '/home/karims/Desktop/IEEE-RAS-ROS-26/Task_11/ros2_ws/src/traffic_manager/install/traffic_manager/lib/python3.12/site-packages'
[1.163s] Level 1:colcon.colcon_core.shell:create_environment_hook('traffic_manager', 'pythonpath')
[1.163s] INFO:colcon.colcon_core.shell:Creating environment hook '/home/karims/Desktop/IEEE-RAS-ROS-26/Task_11/ros2_ws/src/traffic_manager/install/traffic_manager/share/traffic_manager/hook/pythonpath.ps1'
[1.164s] INFO:colcon.colcon_core.shell:Creating environment descriptor '/home/karims/Desktop/IEEE-RAS-ROS-26/Task_11/ros2_ws/src/traffic_manager/install/traffic_manager/share/traffic_manager/hook/pythonpath.dsv'
[1.164s] INFO:colcon.colcon_core.shell:Creating environment hook '/home/karims/Desktop/IEEE-RAS-ROS-26/Task_11/ros2_ws/src/traffic_manager/install/traffic_manager/share/traffic_manager/hook/pythonpath.sh'
[1.165s] Level 1:colcon.colcon_core.environment:checking '/home/karims/Desktop/IEEE-RAS-ROS-26/Task_11/ros2_ws/src/traffic_manager/install/traffic_manager/bin'
[1.165s] Level 1:colcon.colcon_core.environment:create_environment_scripts_only(traffic_manager)
[1.165s] INFO:colcon.colcon_core.shell:Creating package script '/home/karims/Desktop/IEEE-RAS-ROS-26/Task_11/ros2_ws/src/traffic_manager/install/traffic_manager/share/traffic_manager/package.ps1'
[1.166s] INFO:colcon.colcon_core.shell:Creating package descriptor '/home/karims/Desktop/IEEE-RAS-ROS-26/Task_11/ros2_ws/src/traffic_manager/install/traffic_manager/share/traffic_manager/package.dsv'
[1.166s] INFO:colcon.colcon_core.shell:Creating package script '/home/karims/Desktop/IEEE-RAS-ROS-26/Task_11/ros2_ws/src/traffic_manager/install/traffic_manager/share/traffic_manager/package.sh'
[1.167s] INFO:colcon.colcon_core.shell:Creating package script '/home/karims/Desktop/IEEE-RAS-ROS-26/Task_11/ros2_ws/src/traffic_manager/install/traffic_manager/share/traffic_manager/package.bash'
[1.168s] INFO:colcon.colcon_core.shell:Creating package script '/home/karims/Desktop/IEEE-RAS-ROS-26/Task_11/ros2_ws/src/traffic_manager/install/traffic_manager/share/traffic_manager/package.zsh'
[1.168s] Level 1:colcon.colcon_core.environment:create_file_with_runtime_dependencies(/home/karims/Desktop/IEEE-RAS-ROS-26/Task_11/ros2_ws/src/traffic_manager/install/traffic_manager/share/colcon-core/packages/traffic_manager)
[1.169s] DEBUG:colcon.colcon_parallel_executor.executor.parallel:closing loop
[1.169s] DEBUG:colcon.colcon_parallel_executor.executor.parallel:loop closed
[1.169s] DEBUG:colcon.colcon_parallel_executor.executor.parallel:run_until_complete finished with '0'
[1.169s] DEBUG:colcon.colcon_core.event_reactor:joining thread
[1.172s] INFO:colcon.colcon_core.plugin_system:Skipping extension 'colcon_notification.desktop_notification.terminal_notifier': Not used on non-Darwin systems
[1.172s] INFO:colcon.colcon_core.plugin_system:Skipping extension 'colcon_notification.desktop_notification.win32': Not used on non-Windows systems
[1.172s] INFO:colcon.colcon_notification.desktop_notification:Sending desktop notification using 'notify2'
[1.184s] DEBUG:colcon.colcon_core.event_reactor:joined thread
[1.184s] INFO:colcon.colcon_core.shell:Creating prefix script '/home/karims/Desktop/IEEE-RAS-ROS-26/Task_11/ros2_ws/src/traffic_manager/install/local_setup.ps1'
[1.185s] INFO:colcon.colcon_core.shell:Creating prefix util module '/home/karims/Desktop/IEEE-RAS-ROS-26/Task_11/ros2_ws/src/traffic_manager/install/_local_setup_util_ps1.py'
[1.186s] INFO:colcon.colcon_core.shell:Creating prefix chain script '/home/karims/Desktop/IEEE-RAS-ROS-26/Task_11/ros2_ws/src/traffic_manager/install/setup.ps1'
[1.187s] INFO:colcon.colcon_core.shell:Creating prefix script '/home/karims/Desktop/IEEE-RAS-ROS-26/Task_11/ros2_ws/src/traffic_manager/install/local_setup.sh'
[1.188s] INFO:colcon.colcon_core.shell:Creating prefix util module '/home/karims/Desktop/IEEE-RAS-ROS-26/Task_11/ros2_ws/src/traffic_manager/install/_local_setup_util_sh.py'
[1.189s] INFO:colcon.colcon_core.shell:Creating prefix chain script '/home/karims/Desktop/IEEE-RAS-ROS-26/Task_11/ros2_ws/src/traffic_manager/install/setup.sh'
[1.191s] INFO:colcon.colcon_core.shell:Creating prefix script '/home/karims/Desktop/IEEE-RAS-ROS-26/Task_11/ros2_ws/src/traffic_manager/install/local_setup.bash'
[1.191s] INFO:colcon.colcon_core.shell:Creating prefix chain script '/home/karims/Desktop/IEEE-RAS-ROS-26/Task_11/ros2_ws/src/traffic_manager/install/setup.bash'
[1.192s] INFO:colcon.colcon_core.shell:Creating prefix script '/home/karims/Desktop/IEEE-RAS-ROS-26/Task_11/ros2_ws/src/traffic_manager/install/local_setup.zsh'
[1.193s] INFO:colcon.colcon_core.shell:Creating prefix chain script '/home/karims/Desktop/IEEE-RAS-ROS-26/Task_11/ros2_ws/src/traffic_manager/install/setup.zsh'
