[0.575s] Invoking command in '/home/karims/Desktop/IEEE-RAS-ROS-26/Task_11/ros2_ws/src/traffic_manager': DEBUGINFOD_URLS=https://debuginfod.ubuntu.com PYTHONPATH=/home/karims/Desktop/IEEE-RAS-ROS-26/Task_11/ros2_ws/build/traffic_manager/prefix_override:/usr/lib/python3/dist-packages/colcon_core/task/python/colcon_distutils_commands:/home/karims/Desktop/IEEE-RAS-ROS-26/Task_11/ros2_ws/install/traffic_manager/lib/python3.12/site-packages:${PYTHONPATH} /usr/bin/python3 -W ignore:setup.py install is deprecated -W ignore:easy_install command is deprecated setup.py egg_info --egg-base ../../build/traffic_manager build --build-base /home/karims/Desktop/IEEE-RAS-ROS-26/Task_11/ros2_ws/build/traffic_manager/build install --record /home/karims/Desktop/IEEE-RAS-ROS-26/Task_11/ros2_ws/build/traffic_manager/install.log --single-version-externally-managed install_data
[0.740s] running egg_info
[0.740s] creating ../../build/traffic_manager/traffic_manager.egg-info
[0.751s] writing ../../build/traffic_manager/traffic_manager.egg-info/PKG-INFO
[0.751s] writing dependency_links to ../../build/traffic_manager/traffic_manager.egg-info/dependency_links.txt
[0.751s] writing entry points to ../../build/traffic_manager/traffic_manager.egg-info/entry_points.txt
[0.751s] writing requirements to ../../build/traffic_manager/traffic_manager.egg-info/requires.txt
[0.751s] writing top-level names to ../../build/traffic_manager/traffic_manager.egg-info/top_level.txt
[0.751s] writing manifest file '../../build/traffic_manager/traffic_manager.egg-info/SOURCES.txt'
[0.773s] reading manifest file '../../build/traffic_manager/traffic_manager.egg-info/SOURCES.txt'
[0.774s] writing manifest file '../../build/traffic_manager/traffic_manager.egg-info/SOURCES.txt'
[0.774s] running build
[0.774s] running build_py
[0.774s] creating /home/karims/Desktop/IEEE-RAS-ROS-26/Task_11/ros2_ws/build/traffic_manager/build
[0.774s] creating /home/karims/Desktop/IEEE-RAS-ROS-26/Task_11/ros2_ws/build/traffic_manager/build/lib
[0.774s] creating /home/karims/Desktop/IEEE-RAS-ROS-26/Task_11/ros2_ws/build/traffic_manager/build/lib/traffic_manager
[0.774s] copying traffic_manager/fleet_emulator.py -> /home/karims/Desktop/IEEE-RAS-ROS-26/Task_11/ros2_ws/build/traffic_manager/build/lib/traffic_manager
[0.774s] copying traffic_manager/traffic_manager.py -> /home/karims/Desktop/IEEE-RAS-ROS-26/Task_11/ros2_ws/build/traffic_manager/build/lib/traffic_manager
[0.774s] copying traffic_manager/__init__.py -> /home/karims/Desktop/IEEE-RAS-ROS-26/Task_11/ros2_ws/build/traffic_manager/build/lib/traffic_manager
[0.775s] running install
[0.778s] running install_lib
[0.790s] creating /home/karims/Desktop/IEEE-RAS-ROS-26/Task_11/ros2_ws/install/traffic_manager/lib/python3.12/site-packages/traffic_manager
[0.790s] copying /home/karims/Desktop/IEEE-RAS-ROS-26/Task_11/ros2_ws/build/traffic_manager/build/lib/traffic_manager/fleet_emulator.py -> /home/karims/Desktop/IEEE-RAS-ROS-26/Task_11/ros2_ws/install/traffic_manager/lib/python3.12/site-packages/traffic_manager
[0.790s] copying /home/karims/Desktop/IEEE-RAS-ROS-26/Task_11/ros2_ws/build/traffic_manager/build/lib/traffic_manager/traffic_manager.py -> /home/karims/Desktop/IEEE-RAS-ROS-26/Task_11/ros2_ws/install/traffic_manager/lib/python3.12/site-packages/traffic_manager
[0.790s] copying /home/karims/Desktop/IEEE-RAS-ROS-26/Task_11/ros2_ws/build/traffic_manager/build/lib/traffic_manager/__init__.py -> /home/karims/Desktop/IEEE-RAS-ROS-26/Task_11/ros2_ws/install/traffic_manager/lib/python3.12/site-packages/traffic_manager
[0.790s] byte-compiling /home/karims/Desktop/IEEE-RAS-ROS-26/Task_11/ros2_ws/install/traffic_manager/lib/python3.12/site-packages/traffic_manager/fleet_emulator.py to fleet_emulator.cpython-312.pyc
[0.791s] byte-compiling /home/karims/Desktop/IEEE-RAS-ROS-26/Task_11/ros2_ws/install/traffic_manager/lib/python3.12/site-packages/traffic_manager/traffic_manager.py to traffic_manager.cpython-312.pyc
[0.792s] byte-compiling /home/karims/Desktop/IEEE-RAS-ROS-26/Task_11/ros2_ws/install/traffic_manager/lib/python3.12/site-packages/traffic_manager/__init__.py to __init__.cpython-312.pyc
[0.792s] running install_data
[0.792s] creating /home/karims/Desktop/IEEE-RAS-ROS-26/Task_11/ros2_ws/install/traffic_manager/share/ament_index
[0.792s] creating /home/karims/Desktop/IEEE-RAS-ROS-26/Task_11/ros2_ws/install/traffic_manager/share/ament_index/resource_index
[0.792s] creating /home/karims/Desktop/IEEE-RAS-ROS-26/Task_11/ros2_ws/install/traffic_manager/share/ament_index/resource_index/packages
[0.792s] copying resource/traffic_manager -> /home/karims/Desktop/IEEE-RAS-ROS-26/Task_11/ros2_ws/install/traffic_manager/share/ament_index/resource_index/packages
[0.792s] copying package.xml -> /home/karims/Desktop/IEEE-RAS-ROS-26/Task_11/ros2_ws/install/traffic_manager/share/traffic_manager
[0.792s] running install_egg_info
[0.804s] Copying ../../build/traffic_manager/traffic_manager.egg-info to /home/karims/Desktop/IEEE-RAS-ROS-26/Task_11/ros2_ws/install/traffic_manager/lib/python3.12/site-packages/traffic_manager-0.0.0-py3.12.egg-info
[0.804s] running install_scripts
[0.881s] Installing fleet_emulator script to /home/karims/Desktop/IEEE-RAS-ROS-26/Task_11/ros2_ws/install/traffic_manager/lib/traffic_manager
[0.881s] Installing traffic_manager script to /home/karims/Desktop/IEEE-RAS-ROS-26/Task_11/ros2_ws/install/traffic_manager/lib/traffic_manager
[0.881s] writing list of installed files to '/home/karims/Desktop/IEEE-RAS-ROS-26/Task_11/ros2_ws/build/traffic_manager/install.log'
[0.898s] Invoked command in '/home/karims/Desktop/IEEE-RAS-ROS-26/Task_11/ros2_ws/src/traffic_manager' returned '0': DEBUGINFOD_URLS=https://debuginfod.ubuntu.com PYTHONPATH=/home/karims/Desktop/IEEE-RAS-ROS-26/Task_11/ros2_ws/build/traffic_manager/prefix_override:/usr/lib/python3/dist-packages/colcon_core/task/python/colcon_distutils_commands:/home/karims/Desktop/IEEE-RAS-ROS-26/Task_11/ros2_ws/install/traffic_manager/lib/python3.12/site-packages:${PYTHONPATH} /usr/bin/python3 -W ignore:setup.py install is deprecated -W ignore:easy_install command is deprecated setup.py egg_info --egg-base ../../build/traffic_manager build --build-base /home/karims/Desktop/IEEE-RAS-ROS-26/Task_11/ros2_ws/build/traffic_manager/build install --record /home/karims/Desktop/IEEE-RAS-ROS-26/Task_11/ros2_ws/build/traffic_manager/install.log --single-version-externally-managed install_data
