[0.607s] Invoking command in '/home/karims/Desktop/IEEE-RAS-ROS-26/Task_11/ros2_ws/src/traffic_manager': DEBUGINFOD_URLS=https://debuginfod.ubuntu.com PYTHONPATH=/home/karims/Desktop/IEEE-RAS-ROS-26/Task_11/ros2_ws/src/traffic_manager/build/traffic_manager/prefix_override:/usr/lib/python3/dist-packages/colcon_core/task/python/colcon_distutils_commands:/home/karims/Desktop/IEEE-RAS-ROS-26/Task_11/ros2_ws/src/traffic_manager/install/traffic_manager/lib/python3.12/site-packages:${PYTHONPATH} /usr/bin/python3 -W ignore:setup.py install is deprecated -W ignore:easy_install command is deprecated setup.py egg_info --egg-base build/traffic_manager build --build-base /home/karims/Desktop/IEEE-RAS-ROS-26/Task_11/ros2_ws/src/traffic_manager/build/traffic_manager/build install --record /home/karims/Desktop/IEEE-RAS-ROS-26/Task_11/ros2_ws/src/traffic_manager/build/traffic_manager/install.log --single-version-externally-managed install_data
[0.778s] running egg_info
[0.778s] creating build/traffic_manager/traffic_manager.egg-info
[0.789s] writing build/traffic_manager/traffic_manager.egg-info/PKG-INFO
[0.790s] writing dependency_links to build/traffic_manager/traffic_manager.egg-info/dependency_links.txt
[0.790s] writing requirements to build/traffic_manager/traffic_manager.egg-info/requires.txt
[0.790s] writing top-level names to build/traffic_manager/traffic_manager.egg-info/top_level.txt
[0.790s] writing manifest file 'build/traffic_manager/traffic_manager.egg-info/SOURCES.txt'
[0.813s] reading manifest file 'build/traffic_manager/traffic_manager.egg-info/SOURCES.txt'
[0.813s] writing manifest file 'build/traffic_manager/traffic_manager.egg-info/SOURCES.txt'
[0.813s] running build
[0.813s] running build_py
[0.813s] creating /home/karims/Desktop/IEEE-RAS-ROS-26/Task_11/ros2_ws/src/traffic_manager/build/traffic_manager/build
[0.813s] creating /home/karims/Desktop/IEEE-RAS-ROS-26/Task_11/ros2_ws/src/traffic_manager/build/traffic_manager/build/lib
[0.814s] creating /home/karims/Desktop/IEEE-RAS-ROS-26/Task_11/ros2_ws/src/traffic_manager/build/traffic_manager/build/lib/traffic_manager
[0.814s] copying traffic_manager/fleet_emulator.py -> /home/karims/Desktop/IEEE-RAS-ROS-26/Task_11/ros2_ws/src/traffic_manager/build/traffic_manager/build/lib/traffic_manager
[0.814s] copying traffic_manager/__init__.py -> /home/karims/Desktop/IEEE-RAS-ROS-26/Task_11/ros2_ws/src/traffic_manager/build/traffic_manager/build/lib/traffic_manager
[0.814s] copying traffic_manager/traffic_manger.py -> /home/karims/Desktop/IEEE-RAS-ROS-26/Task_11/ros2_ws/src/traffic_manager/build/traffic_manager/build/lib/traffic_manager
[0.814s] running install
[0.818s] running install_lib
[0.829s] creating /home/karims/Desktop/IEEE-RAS-ROS-26/Task_11/ros2_ws/src/traffic_manager/install/traffic_manager/lib/python3.12/site-packages/traffic_manager
[0.829s] copying /home/karims/Desktop/IEEE-RAS-ROS-26/Task_11/ros2_ws/src/traffic_manager/build/traffic_manager/build/lib/traffic_manager/fleet_emulator.py -> /home/karims/Desktop/IEEE-RAS-ROS-26/Task_11/ros2_ws/src/traffic_manager/install/traffic_manager/lib/python3.12/site-packages/traffic_manager
[0.829s] copying /home/karims/Desktop/IEEE-RAS-ROS-26/Task_11/ros2_ws/src/traffic_manager/build/traffic_manager/build/lib/traffic_manager/__init__.py -> /home/karims/Desktop/IEEE-RAS-ROS-26/Task_11/ros2_ws/src/traffic_manager/install/traffic_manager/lib/python3.12/site-packages/traffic_manager
[0.830s] copying /home/karims/Desktop/IEEE-RAS-ROS-26/Task_11/ros2_ws/src/traffic_manager/build/traffic_manager/build/lib/traffic_manager/traffic_manger.py -> /home/karims/Desktop/IEEE-RAS-ROS-26/Task_11/ros2_ws/src/traffic_manager/install/traffic_manager/lib/python3.12/site-packages/traffic_manager
[0.830s] byte-compiling /home/karims/Desktop/IEEE-RAS-ROS-26/Task_11/ros2_ws/src/traffic_manager/install/traffic_manager/lib/python3.12/site-packages/traffic_manager/fleet_emulator.py to fleet_emulator.cpython-312.pyc
[0.830s] byte-compiling /home/karims/Desktop/IEEE-RAS-ROS-26/Task_11/ros2_ws/src/traffic_manager/install/traffic_manager/lib/python3.12/site-packages/traffic_manager/__init__.py to __init__.cpython-312.pyc
[0.830s] byte-compiling /home/karims/Desktop/IEEE-RAS-ROS-26/Task_11/ros2_ws/src/traffic_manager/install/traffic_manager/lib/python3.12/site-packages/traffic_manager/traffic_manger.py to traffic_manger.cpython-312.pyc
[0.830s] running install_data
[0.830s] creating /home/karims/Desktop/IEEE-RAS-ROS-26/Task_11/ros2_ws/src/traffic_manager/install/traffic_manager/share/ament_index
[0.830s] creating /home/karims/Desktop/IEEE-RAS-ROS-26/Task_11/ros2_ws/src/traffic_manager/install/traffic_manager/share/ament_index/resource_index
[0.830s] creating /home/karims/Desktop/IEEE-RAS-ROS-26/Task_11/ros2_ws/src/traffic_manager/install/traffic_manager/share/ament_index/resource_index/packages
[0.830s] copying resource/traffic_manager -> /home/karims/Desktop/IEEE-RAS-ROS-26/Task_11/ros2_ws/src/traffic_manager/install/traffic_manager/share/ament_index/resource_index/packages
[0.830s] copying package.xml -> /home/karims/Desktop/IEEE-RAS-ROS-26/Task_11/ros2_ws/src/traffic_manager/install/traffic_manager/share/traffic_manager
[0.830s] running install_egg_info
[0.842s] Copying build/traffic_manager/traffic_manager.egg-info to /home/karims/Desktop/IEEE-RAS-ROS-26/Task_11/ros2_ws/src/traffic_manager/install/traffic_manager/lib/python3.12/site-packages/traffic_manager-0.0.0-py3.12.egg-info
[0.843s] running install_scripts
[0.920s] writing list of installed files to '/home/karims/Desktop/IEEE-RAS-ROS-26/Task_11/ros2_ws/src/traffic_manager/build/traffic_manager/install.log'
[0.939s] Invoked command in '/home/karims/Desktop/IEEE-RAS-ROS-26/Task_11/ros2_ws/src/traffic_manager' returned '0': DEBUGINFOD_URLS=https://debuginfod.ubuntu.com PYTHONPATH=/home/karims/Desktop/IEEE-RAS-ROS-26/Task_11/ros2_ws/src/traffic_manager/build/traffic_manager/prefix_override:/usr/lib/python3/dist-packages/colcon_core/task/python/colcon_distutils_commands:/home/karims/Desktop/IEEE-RAS-ROS-26/Task_11/ros2_ws/src/traffic_manager/install/traffic_manager/lib/python3.12/site-packages:${PYTHONPATH} /usr/bin/python3 -W ignore:setup.py install is deprecated -W ignore:easy_install command is deprecated setup.py egg_info --egg-base build/traffic_manager build --build-base /home/karims/Desktop/IEEE-RAS-ROS-26/Task_11/ros2_ws/src/traffic_manager/build/traffic_manager/build install --record /home/karims/Desktop/IEEE-RAS-ROS-26/Task_11/ros2_ws/src/traffic_manager/build/traffic_manager/install.log --single-version-externally-managed install_data
