running egg_info
writing ../../build/fleet_emulator2/traffic_manager.egg-info/PKG-INFO
writing dependency_links to ../../build/fleet_emulator2/traffic_manager.egg-info/dependency_links.txt
writing entry points to ../../build/fleet_emulator2/traffic_manager.egg-info/entry_points.txt
writing requirements to ../../build/fleet_emulator2/traffic_manager.egg-info/requires.txt
writing top-level names to ../../build/fleet_emulator2/traffic_manager.egg-info/top_level.txt
reading manifest file '../../build/fleet_emulator2/traffic_manager.egg-info/SOURCES.txt'
writing manifest file '../../build/fleet_emulator2/traffic_manager.egg-info/SOURCES.txt'
running build
running build_py
running install
running install_lib
running install_data
copying resource/traffic_manager -> /home/karims/Desktop/IEEE-RAS-ROS-26/Task_12/install/fleet_emulator2/share/ament_index/resource_index/packages
creating /home/karims/Desktop/IEEE-RAS-ROS-26/Task_12/install/fleet_emulator2/share/traffic_manager
copying package.xml -> /home/karims/Desktop/IEEE-RAS-ROS-26/Task_12/install/fleet_emulator2/share/traffic_manager
running install_egg_info
Copying ../../build/fleet_emulator2/traffic_manager.egg-info to /home/karims/Desktop/IEEE-RAS-ROS-26/Task_12/install/fleet_emulator2/lib/python3.12/site-packages/traffic_manager-0.0.0-py3.12.egg-info
running install_scripts
Installing robot_emulator_node script to /home/karims/Desktop/IEEE-RAS-ROS-26/Task_12/install/fleet_emulator2/lib/fleet_emulator2
Installing traffic_manager_node script to /home/karims/Desktop/IEEE-RAS-ROS-26/Task_12/install/fleet_emulator2/lib/fleet_emulator2
writing list of installed files to '/home/karims/Desktop/IEEE-RAS-ROS-26/Task_12/build/fleet_emulator2/install.log'
