[0.139s] DEBUG:colcon:Command line arguments: ['/usr/bin/colcon', 'build']
[0.139s] DEBUG:colcon:Parsed command line arguments: Namespace(log_base=None, log_level=None, verb_name='build', build_base='build', install_base='install', merge_install=False, symlink_install=False, test_result_base=None, continue_on_error=False, executor='parallel', parallel_workers=24, event_handlers=None, ignore_user_meta=False, metas=['./colcon.meta'], base_paths=['.'], packages_ignore=None, packages_ignore_regex=None, paths=None, packages_up_to=None, packages_up_to_regex=None, packages_above=None, packages_above_and_dependencies=None, packages_above_depth=None, packages_select_by_dep=None, packages_skip_by_dep=None, packages_skip_up_to=None, packages_select_build_failed=False, packages_skip_build_finished=False, packages_select_test_failures=False, packages_skip_test_passed=False, packages_select=None, packages_skip=None, packages_select_regex=None, packages_skip_regex=None, packages_start=None, packages_end=None, allow_overriding=[], cmake_args=None, cmake_target=None, cmake_target_skip_unavailable=False, cmake_clean_cache=False, cmake_clean_first=False, cmake_force_configure=False, ament_cmake_args=None, catkin_cmake_args=None, catkin_skip_building_tests=False, mixin_files=None, mixin=None, verb_parser=<colcon_mixin.mixin.mixin_argument.MixinArgumentDecorator object at 0x7ac9037b76e0>, verb_extension=<colcon_core.verb.build.BuildVerb object at 0x7ac9037b7440>, main=<bound method BuildVerb.main of <colcon_core.verb.build.BuildVerb object at 0x7ac9037b7440>>, mixin_verb=('build',))
[0.186s] Level 1:colcon.colcon_core.package_discovery:discover_packages(colcon_meta) check parameters
[0.186s] Level 1:colcon.colcon_core.package_discovery:discover_packages(recursive) check parameters
[0.186s] Level 1:colcon.colcon_core.package_discovery:discover_packages(ignore) check parameters
[0.186s] Level 1:colcon.colcon_core.package_discovery:discover_packages(path) check parameters
[0.186s] Level 1:colcon.colcon_core.package_discovery:discover_packages(colcon_meta) discover
[0.186s] Level 1:colcon.colcon_core.package_discovery:discover_packages(recursive) discover
[0.186s] INFO:colcon.colcon_core.package_discovery:Crawling recursively for packages in '/home/karims/Desktop/IEEE-RAS-ROS-26/Task_12'
[0.186s] Level 1:colcon.colcon_core.package_identification:_identify(.) by extensions ['ignore', 'ignore_ament_install']
[0.187s] Level 1:colcon.colcon_core.package_identification:_identify(.) by extension 'ignore'
[0.187s] Level 1:colcon.colcon_core.package_identification:_identify(.) by extension 'ignore_ament_install'
[0.187s] Level 1:colcon.colcon_core.package_identification:_identify(.) by extensions ['colcon_pkg']
[0.187s] Level 1:colcon.colcon_core.package_identification:_identify(.) by extension 'colcon_pkg'
[0.187s] Level 1:colcon.colcon_core.package_identification:_identify(.) by extensions ['colcon_meta']
[0.187s] Level 1:colcon.colcon_core.package_identification:_identify(.) by extension 'colcon_meta'
[0.187s] Level 1:colcon.colcon_core.package_identification:_identify(.) by extensions ['ros']
[0.187s] Level 1:colcon.colcon_core.package_identification:_identify(.) by extension 'ros'
[0.221s] Level 1:colcon.colcon_core.package_identification:_identify(.) by extensions ['cmake', 'python']
[0.221s] Level 1:colcon.colcon_core.package_identification:_identify(.) by extension 'cmake'
[0.221s] Level 1:colcon.colcon_core.package_identification:_identify(.) by extension 'python'
[0.221s] Level 1:colcon.colcon_core.package_identification:_identify(.) by extensions ['python_setup_py']
[0.221s] Level 1:colcon.colcon_core.package_identification:_identify(.) by extension 'python_setup_py'
[0.221s] Level 1:colcon.colcon_core.package_identification:_identify(build) by extensions ['ignore', 'ignore_ament_install']
[0.229s] Level 1:colcon.colcon_core.package_identification:_identify(build) by extension 'ignore'
[0.230s] Level 1:colcon.colcon_core.package_identification:_identify(build) ignored
[0.230s] Level 1:colcon.colcon_core.package_identification:_identify(install) by extensions ['ignore', 'ignore_ament_install']
[0.230s] Level 1:colcon.colcon_core.package_identification:_identify(install) by extension 'ignore'
[0.230s] Level 1:colcon.colcon_core.package_identification:_identify(install) ignored
[0.230s] Level 1:colcon.colcon_core.package_identification:_identify(log) by extensions ['ignore', 'ignore_ament_install']
[0.230s] Level 1:colcon.colcon_core.package_identification:_identify(log) by extension 'ignore'
[0.230s] Level 1:colcon.colcon_core.package_identification:_identify(log) ignored
[0.231s] Level 1:colcon.colcon_core.package_identification:_identify(src) by extensions ['ignore', 'ignore_ament_install']
[0.231s] Level 1:colcon.colcon_core.package_identification:_identify(src) by extension 'ignore'
[0.231s] Level 1:colcon.colcon_core.package_identification:_identify(src) by extension 'ignore_ament_install'
[0.231s] Level 1:colcon.colcon_core.package_identification:_identify(src) by extensions ['colcon_pkg']
[0.231s] Level 1:colcon.colcon_core.package_identification:_identify(src) by extension 'colcon_pkg'
[0.231s] Level 1:colcon.colcon_core.package_identification:_identify(src) by extensions ['colcon_meta']
[0.231s] Level 1:colcon.colcon_core.package_identification:_identify(src) by extension 'colcon_meta'
[0.231s] Level 1:colcon.colcon_core.package_identification:_identify(src) by extensions ['ros']
[0.231s] Level 1:colcon.colcon_core.package_identification:_identify(src) by extension 'ros'
[0.231s] Level 1:colcon.colcon_core.package_identification:_identify(src) by extensions ['cmake', 'python']
[0.231s] Level 1:colcon.colcon_core.package_identification:_identify(src) by extension 'cmake'
[0.231s] Level 1:colcon.colcon_core.package_identification:_identify(src) by extension 'python'
[0.232s] Level 1:colcon.colcon_core.package_identification:_identify(src) by extensions ['python_setup_py']
[0.232s] Level 1:colcon.colcon_core.package_identification:_identify(src) by extension 'python_setup_py'
[0.232s] Level 1:colcon.colcon_core.package_identification:_identify(src/fleet_emulator2) by extensions ['ignore', 'ignore_ament_install']
[0.232s] Level 1:colcon.colcon_core.package_identification:_identify(src/fleet_emulator2) by extension 'ignore'
[0.232s] Level 1:colcon.colcon_core.package_identification:_identify(src/fleet_emulator2) by extension 'ignore_ament_install'
[0.232s] Level 1:colcon.colcon_core.package_identification:_identify(src/fleet_emulator2) by extensions ['colcon_pkg']
[0.232s] Level 1:colcon.colcon_core.package_identification:_identify(src/fleet_emulator2) by extension 'colcon_pkg'
[0.232s] Level 1:colcon.colcon_core.package_identification:_identify(src/fleet_emulator2) by extensions ['colcon_meta']
[0.232s] Level 1:colcon.colcon_core.package_identification:_identify(src/fleet_emulator2) by extension 'colcon_meta'
[0.232s] Level 1:colcon.colcon_core.package_identification:_identify(src/fleet_emulator2) by extensions ['ros']
[0.232s] Level 1:colcon.colcon_core.package_identification:_identify(src/fleet_emulator2) by extension 'ros'
[0.237s] DEBUG:colcon.colcon_core.package_identification:Package 'src/fleet_emulator2' with type 'ros.ament_python' and name 'fleet_emulator2'
[0.237s] Level 1:colcon.colcon_core.package_discovery:discover_packages(recursive) using defaults
[0.237s] Level 1:colcon.colcon_core.package_discovery:discover_packages(ignore) discover
[0.237s] Level 1:colcon.colcon_core.package_discovery:discover_packages(ignore) using defaults
[0.237s] Level 1:colcon.colcon_core.package_discovery:discover_packages(path) discover
[0.237s] Level 1:colcon.colcon_core.package_discovery:discover_packages(path) using defaults
[0.265s] Level 1:colcon.colcon_core.package_discovery:discover_packages(prefix_path) check parameters
[0.265s] Level 1:colcon.colcon_core.package_discovery:discover_packages(prefix_path) discover
[0.268s] DEBUG:colcon.colcon_installed_package_information.package_discovery:Found 3 installed packages in /home/karims/Desktop/microros_ws/install
[0.268s] DEBUG:colcon.colcon_installed_package_information.package_discovery:Found 1 installed packages in /home/karims/Desktop/IEEE-RAS-ROS-26/Task_11/ros2_ws/install
[0.269s] DEBUG:colcon.colcon_installed_package_information.package_discovery:Found 1 installed packages in /home/karims/Desktop/IEEE-RAS-ROS-26/Task_11/ros2_ws/src/traffic_manager/install
[0.269s] DEBUG:colcon.colcon_installed_package_information.package_discovery:Found 1 installed packages in /home/karims/Desktop/IEEE-RAS-ROS-26/Task_11/ros2_ws/src/install
[0.272s] DEBUG:colcon.colcon_installed_package_information.package_discovery:Found 507 installed packages in /opt/ros/jazzy
[0.275s] Level 1:colcon.colcon_core.package_discovery:discover_packages(prefix_path) using defaults
[0.347s] Level 5:colcon.colcon_core.verb:set package 'fleet_emulator2' build argument 'cmake_args' from command line to 'None'
[0.347s] Level 5:colcon.colcon_core.verb:set package 'fleet_emulator2' build argument 'cmake_target' from command line to 'None'
[0.347s] Level 5:colcon.colcon_core.verb:set package 'fleet_emulator2' build argument 'cmake_target_skip_unavailable' from command line to 'False'
[0.347s] Level 5:colcon.colcon_core.verb:set package 'fleet_emulator2' build argument 'cmake_clean_cache' from command line to 'False'
[0.347s] Level 5:colcon.colcon_core.verb:set package 'fleet_emulator2' build argument 'cmake_clean_first' from command line to 'False'
[0.347s] Level 5:colcon.colcon_core.verb:set package 'fleet_emulator2' build argument 'cmake_force_configure' from command line to 'False'
[0.347s] Level 5:colcon.colcon_core.verb:set package 'fleet_emulator2' build argument 'ament_cmake_args' from command line to 'None'
[0.347s] Level 5:colcon.colcon_core.verb:set package 'fleet_emulator2' build argument 'catkin_cmake_args' from command line to 'None'
[0.347s] Level 5:colcon.colcon_core.verb:set package 'fleet_emulator2' build argument 'catkin_skip_building_tests' from command line to 'False'
[0.347s] DEBUG:colcon.colcon_core.verb:Building package 'fleet_emulator2' with the following arguments: {'ament_cmake_args': None, 'build_base': '/home/karims/Desktop/IEEE-RAS-ROS-26/Task_12/build/fleet_emulator2', 'catkin_cmake_args': None, 'catkin_skip_building_tests': False, 'cmake_args': None, 'cmake_clean_cache': False, 'cmake_clean_first': False, 'cmake_force_configure': False, 'cmake_target': None, 'cmake_target_skip_unavailable': False, 'install_base': '/home/karims/Desktop/IEEE-RAS-ROS-26/Task_12/install/fleet_emulator2', 'merge_install': False, 'path': '/home/karims/Desktop/IEEE-RAS-ROS-26/Task_12/src/fleet_emulator2', 'symlink_install': False, 'test_result_base': None}
[0.348s] INFO:colcon.colcon_core.executor:Executing jobs using 'parallel' executor
[0.349s] DEBUG:colcon.colcon_parallel_executor.executor.parallel:run_until_complete
[0.349s] INFO:colcon.colcon_ros.task.ament_python.build:Building ROS package in '/home/karims/Desktop/IEEE-RAS-ROS-26/Task_12/src/fleet_emulator2' with build type 'ament_python'
[0.349s] Level 1:colcon.colcon_core.shell:create_environment_hook('fleet_emulator2', 'ament_prefix_path')
[0.351s] INFO:colcon.colcon_core.plugin_system:Skipping extension 'colcon_core.shell.bat': Not used on non-Windows systems
[0.351s] INFO:colcon.colcon_core.shell:Creating environment hook '/home/karims/Desktop/IEEE-RAS-ROS-26/Task_12/install/fleet_emulator2/share/fleet_emulator2/hook/ament_prefix_path.ps1'
[0.352s] INFO:colcon.colcon_core.shell:Creating environment descriptor '/home/karims/Desktop/IEEE-RAS-ROS-26/Task_12/install/fleet_emulator2/share/fleet_emulator2/hook/ament_prefix_path.dsv'
[0.353s] INFO:colcon.colcon_core.shell:Creating environment hook '/home/karims/Desktop/IEEE-RAS-ROS-26/Task_12/install/fleet_emulator2/share/fleet_emulator2/hook/ament_prefix_path.sh'
[0.353s] INFO:colcon.colcon_core.shell:Skip shell extension 'powershell' for command environment: Not usable outside of PowerShell
[0.353s] DEBUG:colcon.colcon_core.shell:Skip shell extension 'dsv' for command environment
[0.751s] WARNING:colcon.colcon_ros.task.ament_python.build:Package 'fleet_emulator2' doesn't explicitly install a marker in the package index (colcon-ros currently does it implicitly but that fallback will be removed in the future)
[0.751s] WARNING:colcon.colcon_ros.task.ament_python.build:Package 'fleet_emulator2' doesn't explicitly install the 'package.xml' file (colcon-ros currently does it implicitly but that fallback will be removed in the future)
[0.752s] INFO:colcon.colcon_core.task.python.build:Building Python package in '/home/karims/Desktop/IEEE-RAS-ROS-26/Task_12/src/fleet_emulator2'
[0.752s] INFO:colcon.colcon_core.shell:Skip shell extension 'powershell' for command environment: Not usable outside of PowerShell
[0.752s] DEBUG:colcon.colcon_core.shell:Skip shell extension 'dsv' for command environment
[1.506s] DEBUG:colcon.colcon_core.task.python.build:Available setuptools commands: build, bdist, rotate, install_headers, bdist_egg, easy_install, sdist, egg_info, init_catalog, bdist_rpm, build_ext, setopt, bdist_dumb, build_py, clean, extract_messages, install_scripts, update_catalog, upload_docs, install_data, build_scripts, register, test, compile_catalog, build_clib, install_lib, bdist_wheel, install_egg_info, symlink_data, alias, saveopts, upload, develop, dist_info, editable_wheel, check, install
[1.510s] DEBUG:colcon.colcon_core.event_handler.log_command:Invoking command in '/home/karims/Desktop/IEEE-RAS-ROS-26/Task_12/src/fleet_emulator2': DEBUGINFOD_URLS=https://debuginfod.ubuntu.com PYTHONPATH=/home/karims/Desktop/IEEE-RAS-ROS-26/Task_12/build/fleet_emulator2/prefix_override:/usr/lib/python3/dist-packages/colcon_core/task/python/colcon_distutils_commands:/home/karims/Desktop/IEEE-RAS-ROS-26/Task_12/install/fleet_emulator2/lib/python3.12/site-packages:${PYTHONPATH} /usr/bin/python3 -W ignore:setup.py install is deprecated -W ignore:easy_install command is deprecated setup.py egg_info --egg-base ../../build/fleet_emulator2 build --build-base /home/karims/Desktop/IEEE-RAS-ROS-26/Task_12/build/fleet_emulator2/build install --record /home/karims/Desktop/IEEE-RAS-ROS-26/Task_12/build/fleet_emulator2/install.log --install-scripts $base/lib/fleet_emulator2 --single-version-externally-managed install_data
[2.814s] DEBUG:colcon.colcon_core.event_handler.log_command:Invoked command in '/home/karims/Desktop/IEEE-RAS-ROS-26/Task_12/src/fleet_emulator2' returned '1': DEBUGINFOD_URLS=https://debuginfod.ubuntu.com PYTHONPATH=/home/karims/Desktop/IEEE-RAS-ROS-26/Task_12/build/fleet_emulator2/prefix_override:/usr/lib/python3/dist-packages/colcon_core/task/python/colcon_distutils_commands:/home/karims/Desktop/IEEE-RAS-ROS-26/Task_12/install/fleet_emulator2/lib/python3.12/site-packages:${PYTHONPATH} /usr/bin/python3 -W ignore:setup.py install is deprecated -W ignore:easy_install command is deprecated setup.py egg_info --egg-base ../../build/fleet_emulator2 build --build-base /home/karims/Desktop/IEEE-RAS-ROS-26/Task_12/build/fleet_emulator2/build install --record /home/karims/Desktop/IEEE-RAS-ROS-26/Task_12/build/fleet_emulator2/install.log --install-scripts $base/lib/fleet_emulator2 --single-version-externally-managed install_data
[2.824s] DEBUG:colcon.colcon_parallel_executor.executor.parallel:closing loop
[2.824s] DEBUG:colcon.colcon_parallel_executor.executor.parallel:loop closed
[2.824s] DEBUG:colcon.colcon_parallel_executor.executor.parallel:run_until_complete finished with '1'
[2.824s] DEBUG:colcon.colcon_core.event_reactor:joining thread
[2.849s] INFO:colcon.colcon_core.plugin_system:Skipping extension 'colcon_notification.desktop_notification.terminal_notifier': Not used on non-Darwin systems
[2.849s] INFO:colcon.colcon_core.plugin_system:Skipping extension 'colcon_notification.desktop_notification.win32': Not used on non-Windows systems
[2.850s] INFO:colcon.colcon_notification.desktop_notification:Sending desktop notification using 'notify2'
[2.873s] DEBUG:colcon.colcon_core.event_reactor:joined thread
[2.873s] INFO:colcon.colcon_core.shell:Creating prefix script '/home/karims/Desktop/IEEE-RAS-ROS-26/Task_12/install/local_setup.ps1'
[2.874s] INFO:colcon.colcon_core.shell:Creating prefix util module '/home/karims/Desktop/IEEE-RAS-ROS-26/Task_12/install/_local_setup_util_ps1.py'
[2.876s] INFO:colcon.colcon_core.shell:Creating prefix chain script '/home/karims/Desktop/IEEE-RAS-ROS-26/Task_12/install/setup.ps1'
[2.878s] INFO:colcon.colcon_core.shell:Creating prefix script '/home/karims/Desktop/IEEE-RAS-ROS-26/Task_12/install/local_setup.sh'
[2.878s] INFO:colcon.colcon_core.shell:Creating prefix util module '/home/karims/Desktop/IEEE-RAS-ROS-26/Task_12/install/_local_setup_util_sh.py'
[2.879s] INFO:colcon.colcon_core.shell:Creating prefix chain script '/home/karims/Desktop/IEEE-RAS-ROS-26/Task_12/install/setup.sh'
[2.881s] INFO:colcon.colcon_core.shell:Creating prefix script '/home/karims/Desktop/IEEE-RAS-ROS-26/Task_12/install/local_setup.bash'
[2.882s] INFO:colcon.colcon_core.shell:Creating prefix chain script '/home/karims/Desktop/IEEE-RAS-ROS-26/Task_12/install/setup.bash'
[2.884s] INFO:colcon.colcon_core.shell:Creating prefix script '/home/karims/Desktop/IEEE-RAS-ROS-26/Task_12/install/local_setup.zsh'
[2.885s] INFO:colcon.colcon_core.shell:Creating prefix chain script '/home/karims/Desktop/IEEE-RAS-ROS-26/Task_12/install/setup.zsh'
