[0.594s] Invoking command in '/home/karims/Desktop/IEEE-RAS-ROS-26/Task_11/ros2_ws/src/traffic_manager': DEBUGINFOD_URLS=https://debuginfod.ubuntu.com PYTHONPATH=/home/karims/Desktop/IEEE-RAS-ROS-26/Task_11/ros2_ws/build/traffic_manager/prefix_override:/usr/lib/python3/dist-packages/colcon_core/task/python/colcon_distutils_commands:/home/karims/Desktop/IEEE-RAS-ROS-26/Task_11/ros2_ws/install/traffic_manager/lib/python3.12/site-packages:${PYTHONPATH} /usr/bin/python3 -W ignore:setup.py install is deprecated -W ignore:easy_install command is deprecated setup.py egg_info --egg-base ../../build/traffic_manager build --build-base /home/karims/Desktop/IEEE-RAS-ROS-26/Task_11/ros2_ws/build/traffic_manager/build install --record /home/karims/Desktop/IEEE-RAS-ROS-26/Task_11/ros2_ws/build/traffic_manager/install.log --single-version-externally-managed install_data
[0.758s] running egg_info
[0.769s] writing ../../build/traffic_manager/traffic_manager.egg-info/PKG-INFO
[0.769s] writing dependency_links to ../../build/traffic_manager/traffic_manager.egg-info/dependency_links.txt
[0.770s] writing entry points to ../../build/traffic_manager/traffic_manager.egg-info/entry_points.txt
[0.770s] writing requirements to ../../build/traffic_manager/traffic_manager.egg-info/requires.txt
[0.770s] writing top-level names to ../../build/traffic_manager/traffic_manager.egg-info/top_level.txt
[0.792s] reading manifest file '../../build/traffic_manager/traffic_manager.egg-info/SOURCES.txt'
[0.793s] writing manifest file '../../build/traffic_manager/traffic_manager.egg-info/SOURCES.txt'
[0.793s] running build
[0.793s] running build_py
[0.793s] copying traffic_manager/fleet_emulator.py -> /home/karims/Desktop/IEEE-RAS-ROS-26/Task_11/ros2_ws/build/traffic_manager/build/lib/traffic_manager
[0.793s] running install
[0.797s] running install_lib
[0.809s] copying /home/karims/Desktop/IEEE-RAS-ROS-26/Task_11/ros2_ws/build/traffic_manager/build/lib/traffic_manager/fleet_emulator.py -> /home/karims/Desktop/IEEE-RAS-ROS-26/Task_11/ros2_ws/install/traffic_manager/lib/python3.12/site-packages/traffic_manager
[0.809s] byte-compiling /home/karims/Desktop/IEEE-RAS-ROS-26/Task_11/ros2_ws/install/traffic_manager/lib/python3.12/site-packages/traffic_manager/fleet_emulator.py to fleet_emulator.cpython-312.pyc
[0.810s] running install_data
[0.810s] running install_egg_info
[0.822s] removing '/home/karims/Desktop/IEEE-RAS-ROS-26/Task_11/ros2_ws/install/traffic_manager/lib/python3.12/site-packages/traffic_manager-0.0.0-py3.12.egg-info' (and everything under it)
[0.822s] Copying ../../build/traffic_manager/traffic_manager.egg-info to /home/karims/Desktop/IEEE-RAS-ROS-26/Task_11/ros2_ws/install/traffic_manager/lib/python3.12/site-packages/traffic_manager-0.0.0-py3.12.egg-info
[0.822s] running install_scripts
[0.898s] Installing fleet_emulator script to /home/karims/Desktop/IEEE-RAS-ROS-26/Task_11/ros2_ws/install/traffic_manager/lib/traffic_manager
[0.898s] Installing traffic_manager script to /home/karims/Desktop/IEEE-RAS-ROS-26/Task_11/ros2_ws/install/traffic_manager/lib/traffic_manager
[0.899s] writing list of installed files to '/home/karims/Desktop/IEEE-RAS-ROS-26/Task_11/ros2_ws/build/traffic_manager/install.log'
[0.916s] Invoked command in '/home/karims/Desktop/IEEE-RAS-ROS-26/Task_11/ros2_ws/src/traffic_manager' returned '0': DEBUGINFOD_URLS=https://debuginfod.ubuntu.com PYTHONPATH=/home/karims/Desktop/IEEE-RAS-ROS-26/Task_11/ros2_ws/build/traffic_manager/prefix_override:/usr/lib/python3/dist-packages/colcon_core/task/python/colcon_distutils_commands:/home/karims/Desktop/IEEE-RAS-ROS-26/Task_11/ros2_ws/install/traffic_manager/lib/python3.12/site-packages:${PYTHONPATH} /usr/bin/python3 -W ignore:setup.py install is deprecated -W ignore:easy_install command is deprecated setup.py egg_info --egg-base ../../build/traffic_manager build --build-base /home/karims/Desktop/IEEE-RAS-ROS-26/Task_11/ros2_ws/build/traffic_manager/build install --record /home/karims/Desktop/IEEE-RAS-ROS-26/Task_11/ros2_ws/build/traffic_manager/install.log --single-version-externally-managed install_data
