[0.075s] DEBUG:colcon:Command line arguments: ['/usr/bin/colcon', 'build', '--symlink-install']
[0.075s] DEBUG:colcon:Parsed command line arguments: Namespace(log_base=None, log_level=None, verb_name='build', build_base='build', install_base='install', merge_install=False, symlink_install=True, test_result_base=None, continue_on_error=False, executor='parallel', parallel_workers=24, event_handlers=None, ignore_user_meta=False, metas=['./colcon.meta'], base_paths=['.'], packages_ignore=None, packages_ignore_regex=None, paths=None, packages_up_to=None, packages_up_to_regex=None, packages_above=None, packages_above_and_dependencies=None, packages_above_depth=None, packages_select_by_dep=None, packages_skip_by_dep=None, packages_skip_up_to=None, packages_select_build_failed=False, packages_skip_build_finished=False, packages_select_test_failures=False, packages_skip_test_passed=False, packages_select=None, packages_skip=None, packages_select_regex=None, packages_skip_regex=None, packages_start=None, packages_end=None, allow_overriding=[], cmake_args=None, cmake_target=None, cmake_target_skip_unavailable=False, cmake_clean_cache=False, cmake_clean_first=False, cmake_force_configure=False, ament_cmake_args=None, catkin_cmake_args=None, catkin_skip_building_tests=False, mixin_files=None, mixin=None, verb_parser=<colcon_mixin.mixin.mixin_argument.MixinArgumentDecorator object at 0x7306e98cc2f0>, verb_extension=<colcon_core.verb.build.BuildVerb object at 0x7306e98abf50>, main=<bound method BuildVerb.main of <colcon_core.verb.build.BuildVerb object at 0x7306e98abf50>>, mixin_verb=('build',))
[0.102s] Level 1:colcon.colcon_core.package_discovery:discover_packages(colcon_meta) check parameters
[0.102s] Level 1:colcon.colcon_core.package_discovery:discover_packages(recursive) check parameters
[0.102s] Level 1:colcon.colcon_core.package_discovery:discover_packages(ignore) check parameters
[0.102s] Level 1:colcon.colcon_core.package_discovery:discover_packages(path) check parameters
[0.102s] Level 1:colcon.colcon_core.package_discovery:discover_packages(colcon_meta) discover
[0.102s] Level 1:colcon.colcon_core.package_discovery:discover_packages(recursive) discover
[0.102s] INFO:colcon.colcon_core.package_discovery:Crawling recursively for packages in '/home/karims/Desktop/IEEE-RAS-ROS-26/Task_14'
[0.102s] Level 1:colcon.colcon_core.package_identification:_identify(.) by extensions ['ignore', 'ignore_ament_install']
[0.102s] Level 1:colcon.colcon_core.package_identification:_identify(.) by extension 'ignore'
[0.102s] Level 1:colcon.colcon_core.package_identification:_identify(.) by extension 'ignore_ament_install'
[0.102s] Level 1:colcon.colcon_core.package_identification:_identify(.) by extensions ['colcon_pkg']
[0.102s] Level 1:colcon.colcon_core.package_identification:_identify(.) by extension 'colcon_pkg'
[0.102s] Level 1:colcon.colcon_core.package_identification:_identify(.) by extensions ['colcon_meta']
[0.102s] Level 1:colcon.colcon_core.package_identification:_identify(.) by extension 'colcon_meta'
[0.102s] Level 1:colcon.colcon_core.package_identification:_identify(.) by extensions ['ros']
[0.102s] Level 1:colcon.colcon_core.package_identification:_identify(.) by extension 'ros'
[0.121s] Level 1:colcon.colcon_core.package_identification:_identify(.) by extensions ['cmake', 'python']
[0.121s] Level 1:colcon.colcon_core.package_identification:_identify(.) by extension 'cmake'
[0.121s] Level 1:colcon.colcon_core.package_identification:_identify(.) by extension 'python'
[0.121s] Level 1:colcon.colcon_core.package_identification:_identify(.) by extensions ['python_setup_py']
[0.121s] Level 1:colcon.colcon_core.package_identification:_identify(.) by extension 'python_setup_py'
[0.121s] Level 1:colcon.colcon_core.package_identification:_identify(build) by extensions ['ignore', 'ignore_ament_install']
[0.121s] Level 1:colcon.colcon_core.package_identification:_identify(build) by extension 'ignore'
[0.121s] Level 1:colcon.colcon_core.package_identification:_identify(build) ignored
[0.121s] Level 1:colcon.colcon_core.package_identification:_identify(install) by extensions ['ignore', 'ignore_ament_install']
[0.121s] Level 1:colcon.colcon_core.package_identification:_identify(install) by extension 'ignore'
[0.121s] Level 1:colcon.colcon_core.package_identification:_identify(install) ignored
[0.121s] Level 1:colcon.colcon_core.package_identification:_identify(log) by extensions ['ignore', 'ignore_ament_install']
[0.121s] Level 1:colcon.colcon_core.package_identification:_identify(log) by extension 'ignore'
[0.121s] Level 1:colcon.colcon_core.package_identification:_identify(log) ignored
[0.121s] Level 1:colcon.colcon_core.package_identification:_identify(src) by extensions ['ignore', 'ignore_ament_install']
[0.122s] Level 1:colcon.colcon_core.package_identification:_identify(src) by extension 'ignore'
[0.122s] Level 1:colcon.colcon_core.package_identification:_identify(src) by extension 'ignore_ament_install'
[0.122s] Level 1:colcon.colcon_core.package_identification:_identify(src) by extensions ['colcon_pkg']
[0.122s] Level 1:colcon.colcon_core.package_identification:_identify(src) by extension 'colcon_pkg'
[0.122s] Level 1:colcon.colcon_core.package_identification:_identify(src) by extensions ['colcon_meta']
[0.122s] Level 1:colcon.colcon_core.package_identification:_identify(src) by extension 'colcon_meta'
[0.122s] Level 1:colcon.colcon_core.package_identification:_identify(src) by extensions ['ros']
[0.122s] Level 1:colcon.colcon_core.package_identification:_identify(src) by extension 'ros'
[0.122s] Level 1:colcon.colcon_core.package_identification:_identify(src) by extensions ['cmake', 'python']
[0.122s] Level 1:colcon.colcon_core.package_identification:_identify(src) by extension 'cmake'
[0.122s] Level 1:colcon.colcon_core.package_identification:_identify(src) by extension 'python'
[0.122s] Level 1:colcon.colcon_core.package_identification:_identify(src) by extensions ['python_setup_py']
[0.122s] Level 1:colcon.colcon_core.package_identification:_identify(src) by extension 'python_setup_py'
[0.122s] Level 1:colcon.colcon_core.package_identification:_identify(src/task14) by extensions ['ignore', 'ignore_ament_install']
[0.122s] Level 1:colcon.colcon_core.package_identification:_identify(src/task14) by extension 'ignore'
[0.122s] Level 1:colcon.colcon_core.package_identification:_identify(src/task14) by extension 'ignore_ament_install'
[0.122s] Level 1:colcon.colcon_core.package_identification:_identify(src/task14) by extensions ['colcon_pkg']
[0.122s] Level 1:colcon.colcon_core.package_identification:_identify(src/task14) by extension 'colcon_pkg'
[0.122s] Level 1:colcon.colcon_core.package_identification:_identify(src/task14) by extensions ['colcon_meta']
[0.122s] Level 1:colcon.colcon_core.package_identification:_identify(src/task14) by extension 'colcon_meta'
[0.122s] Level 1:colcon.colcon_core.package_identification:_identify(src/task14) by extensions ['ros']
[0.122s] Level 1:colcon.colcon_core.package_identification:_identify(src/task14) by extension 'ros'
[0.124s] DEBUG:colcon.colcon_core.package_identification:Package 'src/task14' with type 'ros.ament_python' and name 'task14'
[0.124s] Level 1:colcon.colcon_core.package_discovery:discover_packages(recursive) using defaults
[0.124s] Level 1:colcon.colcon_core.package_discovery:discover_packages(ignore) discover
[0.124s] Level 1:colcon.colcon_core.package_discovery:discover_packages(ignore) using defaults
[0.124s] Level 1:colcon.colcon_core.package_discovery:discover_packages(path) discover
[0.124s] Level 1:colcon.colcon_core.package_discovery:discover_packages(path) using defaults
[0.137s] Level 1:colcon.colcon_core.package_discovery:discover_packages(prefix_path) check parameters
[0.137s] Level 1:colcon.colcon_core.package_discovery:discover_packages(prefix_path) discover
[0.137s] WARNING:colcon.colcon_ros.prefix_path.ament:The path '/home/karims/Desktop/IEEE-RAS-ROS-26/Task_14/install/task14' in the environment variable AMENT_PREFIX_PATH doesn't exist
[0.138s] DEBUG:colcon.colcon_installed_package_information.package_discovery:Found 0 installed packages in /home/karims/Desktop/IEEE-RAS-ROS-26/Task_14/install
[0.138s] DEBUG:colcon.colcon_installed_package_information.package_discovery:Found 3 installed packages in /home/karims/Desktop/microros_ws/install
[0.138s] DEBUG:colcon.colcon_installed_package_information.package_discovery:Found 1 installed packages in /home/karims/Desktop/IEEE-RAS-ROS-26/Task_11/ros2_ws/install
[0.138s] DEBUG:colcon.colcon_installed_package_information.package_discovery:Found 1 installed packages in /home/karims/Desktop/IEEE-RAS-ROS-26/Task_11/ros2_ws/src/traffic_manager/install
[0.139s] DEBUG:colcon.colcon_installed_package_information.package_discovery:Found 1 installed packages in /home/karims/Desktop/IEEE-RAS-ROS-26/Task_11/ros2_ws/src/install
[0.140s] DEBUG:colcon.colcon_installed_package_information.package_discovery:Found 507 installed packages in /opt/ros/jazzy
[0.142s] Level 1:colcon.colcon_core.package_discovery:discover_packages(prefix_path) using defaults
[0.182s] Level 5:colcon.colcon_core.verb:set package 'task14' build argument 'cmake_args' from command line to 'None'
[0.182s] Level 5:colcon.colcon_core.verb:set package 'task14' build argument 'cmake_target' from command line to 'None'
[0.182s] Level 5:colcon.colcon_core.verb:set package 'task14' build argument 'cmake_target_skip_unavailable' from command line to 'False'
[0.182s] Level 5:colcon.colcon_core.verb:set package 'task14' build argument 'cmake_clean_cache' from command line to 'False'
[0.182s] Level 5:colcon.colcon_core.verb:set package 'task14' build argument 'cmake_clean_first' from command line to 'False'
[0.182s] Level 5:colcon.colcon_core.verb:set package 'task14' build argument 'cmake_force_configure' from command line to 'False'
[0.182s] Level 5:colcon.colcon_core.verb:set package 'task14' build argument 'ament_cmake_args' from command line to 'None'
[0.182s] Level 5:colcon.colcon_core.verb:set package 'task14' build argument 'catkin_cmake_args' from command line to 'None'
[0.182s] Level 5:colcon.colcon_core.verb:set package 'task14' build argument 'catkin_skip_building_tests' from command line to 'False'
[0.182s] DEBUG:colcon.colcon_core.verb:Building package 'task14' with the following arguments: {'ament_cmake_args': None, 'build_base': '/home/karims/Desktop/IEEE-RAS-ROS-26/Task_14/build/task14', 'catkin_cmake_args': None, 'catkin_skip_building_tests': False, 'cmake_args': None, 'cmake_clean_cache': False, 'cmake_clean_first': False, 'cmake_force_configure': False, 'cmake_target': None, 'cmake_target_skip_unavailable': False, 'install_base': '/home/karims/Desktop/IEEE-RAS-ROS-26/Task_14/install/task14', 'merge_install': False, 'path': '/home/karims/Desktop/IEEE-RAS-ROS-26/Task_14/src/task14', 'symlink_install': True, 'test_result_base': None}
[0.182s] INFO:colcon.colcon_core.executor:Executing jobs using 'parallel' executor
[0.183s] DEBUG:colcon.colcon_parallel_executor.executor.parallel:run_until_complete
[0.183s] INFO:colcon.colcon_ros.task.ament_python.build:Building ROS package in '/home/karims/Desktop/IEEE-RAS-ROS-26/Task_14/src/task14' with build type 'ament_python'
[0.183s] Level 1:colcon.colcon_core.shell:create_environment_hook('task14', 'ament_prefix_path')
[0.184s] INFO:colcon.colcon_core.plugin_system:Skipping extension 'colcon_core.shell.bat': Not used on non-Windows systems
[0.185s] INFO:colcon.colcon_core.shell:Creating environment hook '/home/karims/Desktop/IEEE-RAS-ROS-26/Task_14/install/task14/share/task14/hook/ament_prefix_path.ps1'
[0.185s] INFO:colcon.colcon_core.shell:Creating environment descriptor '/home/karims/Desktop/IEEE-RAS-ROS-26/Task_14/install/task14/share/task14/hook/ament_prefix_path.dsv'
[0.185s] INFO:colcon.colcon_core.shell:Creating environment hook '/home/karims/Desktop/IEEE-RAS-ROS-26/Task_14/install/task14/share/task14/hook/ament_prefix_path.sh'
[0.186s] INFO:colcon.colcon_core.shell:Skip shell extension 'powershell' for command environment: Not usable outside of PowerShell
[0.186s] DEBUG:colcon.colcon_core.shell:Skip shell extension 'dsv' for command environment
[0.406s] INFO:colcon.colcon_core.task.python.build:Building Python package in '/home/karims/Desktop/IEEE-RAS-ROS-26/Task_14/src/task14'
[0.406s] INFO:colcon.colcon_core.shell:Skip shell extension 'powershell' for command environment: Not usable outside of PowerShell
[0.406s] DEBUG:colcon.colcon_core.shell:Skip shell extension 'dsv' for command environment
[0.879s] DEBUG:colcon.colcon_core.task.python.build:Available setuptools commands: compile_catalog, init_catalog, easy_install, symlink_data, update_catalog, sdist, rotate, check, build_ext, install_lib, register, build_py, install_scripts, install_headers, build_clib, editable_wheel, test, build, setopt, bdist_dumb, alias, bdist_egg, upload, extract_messages, bdist_wheel, develop, install_data, bdist, saveopts, dist_info, clean, install, egg_info, build_scripts, install_egg_info, upload_docs, bdist_rpm
[1.171s] DEBUG:colcon.colcon_core.task.python.build:Available setuptools 'develop' options: --install-dir, --prefix, --force-installation-into-system-dir, --dry-run, --user, --site-dirs, --no-deps, --allow-hosts, --always-unzip, --uninstall, --always-copy, --record, --exclude-scripts, --verbose, --local-snapshots-ok, --help, --script-dir, --no-user-cfg, --build-directory, --optimize, --editable, --zip-ok, --quiet, --version, --upgrade, --index-url, --install-layout, --no-find-links, --find-links, --egg-path, --multi-version
[1.173s] DEBUG:colcon.colcon_core.event_handler.log_command:Invoking command in '/home/karims/Desktop/IEEE-RAS-ROS-26/Task_14/build/task14': DEBUGINFOD_URLS=https://debuginfod.ubuntu.com PYTHONPATH=/home/karims/Desktop/IEEE-RAS-ROS-26/Task_14/build/task14/prefix_override:/usr/lib/python3/dist-packages/colcon_core/task/python/colcon_distutils_commands:/home/karims/Desktop/IEEE-RAS-ROS-26/Task_14/install/task14/lib/python3.12/site-packages:${PYTHONPATH} /usr/bin/python3 -W ignore:setup.py install is deprecated -W ignore:easy_install command is deprecated setup.py develop --editable --build-directory /home/karims/Desktop/IEEE-RAS-ROS-26/Task_14/build/task14/build --no-deps symlink_data
[2.230s] Level 1:colcon.colcon_core.shell:create_environment_hook('task14', 'pythonpath_develop')
[2.231s] INFO:colcon.colcon_core.shell:Creating environment hook '/home/karims/Desktop/IEEE-RAS-ROS-26/Task_14/build/task14/share/task14/hook/pythonpath_develop.ps1'
[2.231s] DEBUG:colcon.colcon_core.event_handler.log_command:Invoked command in '/home/karims/Desktop/IEEE-RAS-ROS-26/Task_14/build/task14' returned '0': DEBUGINFOD_URLS=https://debuginfod.ubuntu.com PYTHONPATH=/home/karims/Desktop/IEEE-RAS-ROS-26/Task_14/build/task14/prefix_override:/usr/lib/python3/dist-packages/colcon_core/task/python/colcon_distutils_commands:/home/karims/Desktop/IEEE-RAS-ROS-26/Task_14/install/task14/lib/python3.12/site-packages:${PYTHONPATH} /usr/bin/python3 -W ignore:setup.py install is deprecated -W ignore:easy_install command is deprecated setup.py develop --editable --build-directory /home/karims/Desktop/IEEE-RAS-ROS-26/Task_14/build/task14/build --no-deps symlink_data
[2.232s] INFO:colcon.colcon_core.shell:Creating environment descriptor '/home/karims/Desktop/IEEE-RAS-ROS-26/Task_14/build/task14/share/task14/hook/pythonpath_develop.dsv'
[2.232s] INFO:colcon.colcon_core.shell:Creating environment hook '/home/karims/Desktop/IEEE-RAS-ROS-26/Task_14/build/task14/share/task14/hook/pythonpath_develop.sh'
[2.233s] Level 1:colcon.colcon_core.environment:checking '/home/karims/Desktop/IEEE-RAS-ROS-26/Task_14/install/task14' for CMake module files
[2.234s] Level 1:colcon.colcon_core.environment:checking '/home/karims/Desktop/IEEE-RAS-ROS-26/Task_14/install/task14' for CMake config files
[2.234s] Level 1:colcon.colcon_core.environment:checking '/home/karims/Desktop/IEEE-RAS-ROS-26/Task_14/install/task14/lib'
[2.234s] Level 1:colcon.colcon_core.environment:checking '/home/karims/Desktop/IEEE-RAS-ROS-26/Task_14/install/task14/bin'
[2.234s] Level 1:colcon.colcon_core.environment:checking '/home/karims/Desktop/IEEE-RAS-ROS-26/Task_14/install/task14/lib/pkgconfig/task14.pc'
[2.234s] Level 1:colcon.colcon_core.environment:checking '/home/karims/Desktop/IEEE-RAS-ROS-26/Task_14/install/task14/lib/python3.12/site-packages'
[2.234s] Level 1:colcon.colcon_core.shell:create_environment_hook('task14', 'pythonpath')
[2.234s] INFO:colcon.colcon_core.shell:Creating environment hook '/home/karims/Desktop/IEEE-RAS-ROS-26/Task_14/install/task14/share/task14/hook/pythonpath.ps1'
[2.235s] INFO:colcon.colcon_core.shell:Creating environment descriptor '/home/karims/Desktop/IEEE-RAS-ROS-26/Task_14/install/task14/share/task14/hook/pythonpath.dsv'
[2.235s] INFO:colcon.colcon_core.shell:Creating environment hook '/home/karims/Desktop/IEEE-RAS-ROS-26/Task_14/install/task14/share/task14/hook/pythonpath.sh'
[2.235s] Level 1:colcon.colcon_core.environment:checking '/home/karims/Desktop/IEEE-RAS-ROS-26/Task_14/install/task14/bin'
[2.235s] Level 1:colcon.colcon_core.environment:create_environment_scripts_only(task14)
[2.236s] INFO:colcon.colcon_core.shell:Creating package script '/home/karims/Desktop/IEEE-RAS-ROS-26/Task_14/install/task14/share/task14/package.ps1'
[2.236s] INFO:colcon.colcon_core.shell:Creating package descriptor '/home/karims/Desktop/IEEE-RAS-ROS-26/Task_14/install/task14/share/task14/package.dsv'
[2.237s] INFO:colcon.colcon_core.shell:Creating package script '/home/karims/Desktop/IEEE-RAS-ROS-26/Task_14/install/task14/share/task14/package.sh'
[2.237s] INFO:colcon.colcon_core.shell:Creating package script '/home/karims/Desktop/IEEE-RAS-ROS-26/Task_14/install/task14/share/task14/package.bash'
[2.237s] INFO:colcon.colcon_core.shell:Creating package script '/home/karims/Desktop/IEEE-RAS-ROS-26/Task_14/install/task14/share/task14/package.zsh'
[2.237s] Level 1:colcon.colcon_core.environment:create_file_with_runtime_dependencies(/home/karims/Desktop/IEEE-RAS-ROS-26/Task_14/install/task14/share/colcon-core/packages/task14)
[2.238s] DEBUG:colcon.colcon_parallel_executor.executor.parallel:closing loop
[2.238s] DEBUG:colcon.colcon_parallel_executor.executor.parallel:loop closed
[2.238s] DEBUG:colcon.colcon_parallel_executor.executor.parallel:run_until_complete finished with '0'
[2.238s] DEBUG:colcon.colcon_core.event_reactor:joining thread
[2.242s] INFO:colcon.colcon_core.plugin_system:Skipping extension 'colcon_notification.desktop_notification.terminal_notifier': Not used on non-Darwin systems
[2.242s] INFO:colcon.colcon_core.plugin_system:Skipping extension 'colcon_notification.desktop_notification.win32': Not used on non-Windows systems
[2.242s] INFO:colcon.colcon_notification.desktop_notification:Sending desktop notification using 'notify2'
[2.267s] DEBUG:colcon.colcon_core.event_reactor:joined thread
[2.268s] INFO:colcon.colcon_core.shell:Creating prefix script '/home/karims/Desktop/IEEE-RAS-ROS-26/Task_14/install/local_setup.ps1'
[2.268s] INFO:colcon.colcon_core.shell:Creating prefix util module '/home/karims/Desktop/IEEE-RAS-ROS-26/Task_14/install/_local_setup_util_ps1.py'
[2.269s] INFO:colcon.colcon_core.shell:Creating prefix chain script '/home/karims/Desktop/IEEE-RAS-ROS-26/Task_14/install/setup.ps1'
[2.271s] INFO:colcon.colcon_core.shell:Creating prefix script '/home/karims/Desktop/IEEE-RAS-ROS-26/Task_14/install/local_setup.sh'
[2.271s] INFO:colcon.colcon_core.shell:Creating prefix util module '/home/karims/Desktop/IEEE-RAS-ROS-26/Task_14/install/_local_setup_util_sh.py'
[2.271s] INFO:colcon.colcon_core.shell:Creating prefix chain script '/home/karims/Desktop/IEEE-RAS-ROS-26/Task_14/install/setup.sh'
[2.272s] INFO:colcon.colcon_core.shell:Creating prefix script '/home/karims/Desktop/IEEE-RAS-ROS-26/Task_14/install/local_setup.bash'
[2.272s] INFO:colcon.colcon_core.shell:Creating prefix chain script '/home/karims/Desktop/IEEE-RAS-ROS-26/Task_14/install/setup.bash'
[2.273s] INFO:colcon.colcon_core.shell:Creating prefix script '/home/karims/Desktop/IEEE-RAS-ROS-26/Task_14/install/local_setup.zsh'
[2.273s] INFO:colcon.colcon_core.shell:Creating prefix chain script '/home/karims/Desktop/IEEE-RAS-ROS-26/Task_14/install/setup.zsh'
